{"/home/sir_gregg/Desktop/Greg/Repositories/Projects/politico/server/server.js":{"path":"/home/sir_gregg/Desktop/Greg/Repositories/Projects/politico/server/server.js","statementMap":{"0":{"start":{"line":3,"column":0},"end":{"line":5,"column":3}},"1":{"start":{"line":7,"column":15},"end":{"line":7,"column":33}},"2":{"start":{"line":9,"column":16},"end":{"line":9,"column":48}},"3":{"start":{"line":11,"column":14},"end":{"line":11,"column":31}},"4":{"start":{"line":13,"column":15},"end":{"line":13,"column":46}},"5":{"start":{"line":15,"column":0},"end":{"line":15,"column":27}},"6":{"start":{"line":17,"column":23},"end":{"line":17,"column":63}},"7":{"start":{"line":19,"column":24},"end":{"line":19,"column":64}},"8":{"start":{"line":21,"column":22},"end":{"line":21,"column":61}},"9":{"start":{"line":23,"column":23},"end":{"line":23,"column":62}},"10":{"start":{"line":25,"column":24},"end":{"line":25,"column":65}},"11":{"start":{"line":27,"column":25},"end":{"line":27,"column":66}},"12":{"start":{"line":29,"column":23},"end":{"line":29,"column":63}},"13":{"start":{"line":31,"column":24},"end":{"line":31,"column":64}},"14":{"start":{"line":33,"column":17},"end":{"line":33,"column":50}},"15":{"start":{"line":35,"column":18},"end":{"line":35,"column":52}},"16":{"start":{"line":37,"column":23},"end":{"line":37,"column":73}},"17":{"start":{"line":39,"column":24},"end":{"line":39,"column":64}},"18":{"start":{"line":41,"column":24},"end":{"line":41,"column":75}},"19":{"start":{"line":43,"column":25},"end":{"line":43,"column":66}},"20":{"start":{"line":45,"column":22},"end":{"line":45,"column":71}},"21":{"start":{"line":47,"column":23},"end":{"line":47,"column":62}},"22":{"start":{"line":49,"column":24},"end":{"line":49,"column":60}},"23":{"start":{"line":51,"column":14},"end":{"line":51,"column":44}},"24":{"start":{"line":53,"column":39},"end":{"line":53,"column":93}},"25":{"start":{"line":55,"column":0},"end":{"line":55,"column":26}},"26":{"start":{"line":56,"column":10},"end":{"line":56,"column":34}},"27":{"start":{"line":58,"column":0},"end":{"line":58,"column":34}},"28":{"start":{"line":59,"column":0},"end":{"line":59,"column":58}},"29":{"start":{"line":61,"column":0},"end":{"line":61,"column":49}},"30":{"start":{"line":63,"column":0},"end":{"line":68,"column":3}},"31":{"start":{"line":64,"column":2},"end":{"line":67,"column":5}},"32":{"start":{"line":70,"column":0},"end":{"line":70,"column":111}},"33":{"start":{"line":71,"column":0},"end":{"line":71,"column":63}},"34":{"start":{"line":72,"column":0},"end":{"line":72,"column":134}},"35":{"start":{"line":73,"column":0},"end":{"line":73,"column":180}},"36":{"start":{"line":74,"column":0},"end":{"line":74,"column":135}},"37":{"start":{"line":76,"column":0},"end":{"line":76,"column":138}},"38":{"start":{"line":77,"column":0},"end":{"line":77,"column":65}},"39":{"start":{"line":78,"column":0},"end":{"line":78,"column":113}},"40":{"start":{"line":80,"column":0},"end":{"line":80,"column":102}},"41":{"start":{"line":81,"column":0},"end":{"line":81,"column":109}},"42":{"start":{"line":83,"column":0},"end":{"line":83,"column":71}},"43":{"start":{"line":84,"column":0},"end":{"line":84,"column":59}},"44":{"start":{"line":85,"column":0},"end":{"line":85,"column":75}},"45":{"start":{"line":87,"column":0},"end":{"line":108,"column":3}},"46":{"start":{"line":88,"column":2},"end":{"line":106,"column":3}},"47":{"start":{"line":89,"column":15},"end":{"line":89,"column":48}},"48":{"start":{"line":90,"column":4},"end":{"line":105,"column":7}},"49":{"start":{"line":91,"column":18},"end":{"line":91,"column":28}},"50":{"start":{"line":92,"column":6},"end":{"line":97,"column":9}},"51":{"start":{"line":99,"column":6},"end":{"line":104,"column":9}},"52":{"start":{"line":107,"column":2},"end":{"line":107,"column":14}},"53":{"start":{"line":110,"column":11},"end":{"line":110,"column":35}},"54":{"start":{"line":112,"column":0},"end":{"line":114,"column":3}},"55":{"start":{"line":113,"column":2},"end":{"line":113,"column":45}},"56":{"start":{"line":116,"column":0},"end":{"line":116,"column":22}}},"fnMap":{"0":{"name":"_interopRequireDefault","decl":{"start":{"line":53,"column":9},"end":{"line":53,"column":31}},"loc":{"start":{"line":53,"column":37},"end":{"line":53,"column":95}},"line":53},"1":{"name":"(anonymous_1)","decl":{"start":{"line":63,"column":13},"end":{"line":63,"column":14}},"loc":{"start":{"line":63,"column":42},"end":{"line":68,"column":1}},"line":63},"2":{"name":"(anonymous_2)","decl":{"start":{"line":87,"column":43},"end":{"line":87,"column":44}},"loc":{"start":{"line":87,"column":63},"end":{"line":108,"column":1}},"line":87},"3":{"name":"(anonymous_3)","decl":{"start":{"line":90,"column":56},"end":{"line":90,"column":57}},"loc":{"start":{"line":90,"column":74},"end":{"line":98,"column":5}},"line":90},"4":{"name":"(anonymous_4)","decl":{"start":{"line":98,"column":13},"end":{"line":98,"column":14}},"loc":{"start":{"line":98,"column":28},"end":{"line":105,"column":5}},"line":98},"5":{"name":"(anonymous_5)","decl":{"start":{"line":112,"column":17},"end":{"line":112,"column":18}},"loc":{"start":{"line":112,"column":29},"end":{"line":114,"column":1}},"line":112}},"branchMap":{"0":{"loc":{"start":{"line":53,"column":46},"end":{"line":53,"column":92}},"type":"cond-expr","locations":[{"start":{"line":53,"column":70},"end":{"line":53,"column":73}},{"start":{"line":53,"column":76},"end":{"line":53,"column":92}}],"line":53},"1":{"loc":{"start":{"line":53,"column":46},"end":{"line":53,"column":67}},"type":"binary-expr","locations":[{"start":{"line":53,"column":46},"end":{"line":53,"column":49}},{"start":{"line":53,"column":53},"end":{"line":53,"column":67}}],"line":53},"2":{"loc":{"start":{"line":88,"column":2},"end":{"line":106,"column":3}},"type":"if","locations":[{"start":{"line":88,"column":2},"end":{"line":106,"column":3}},{"start":{"line":88,"column":2},"end":{"line":106,"column":3}}],"line":88},"3":{"loc":{"start":{"line":110,"column":11},"end":{"line":110,"column":35}},"type":"binary-expr","locations":[{"start":{"line":110,"column":11},"end":{"line":110,"column":27}},{"start":{"line":110,"column":31},"end":{"line":110,"column":35}}],"line":110}},"s":{"0":1,"1":1,"2":1,"3":1,"4":1,"5":1,"6":1,"7":1,"8":1,"9":1,"10":1,"11":1,"12":1,"13":1,"14":1,"15":1,"16":1,"17":1,"18":1,"19":1,"20":1,"21":1,"22":1,"23":1,"24":10,"25":1,"26":1,"27":1,"28":1,"29":1,"30":1,"31":0,"32":1,"33":1,"34":1,"35":1,"36":1,"37":1,"38":1,"39":1,"40":1,"41":1,"42":1,"43":1,"44":1,"45":1,"46":0,"47":0,"48":0,"49":0,"50":0,"51":0,"52":0,"53":1,"54":1,"55":1,"56":1},"f":{"0":10,"1":0,"2":0,"3":0,"4":0,"5":1},"b":{"0":[8,2],"1":[10,10],"2":[0,0],"3":[1,0]},"_coverageSchema":"43e27e138ebf9cfc5966b082cf9a028302ed4184","hash":"3ab4a8267d4d175d75062ce94190844828b348ab","contentHash":"bda294c6a67fdc2e64717ac697e43a24"},"/home/sir_gregg/Desktop/Greg/Repositories/Projects/politico/server/controllers/PartyController.js":{"path":"/home/sir_gregg/Desktop/Greg/Repositories/Projects/politico/server/controllers/PartyController.js","statementMap":{"0":{"start":{"line":3,"column":0},"end":{"line":5,"column":3}},"1":{"start":{"line":7,"column":19},"end":{"line":7,"column":563}},"2":{"start":{"line":7,"column":76},"end":{"line":7,"column":347}},"3":{"start":{"line":7,"column":134},"end":{"line":7,"column":142}},"4":{"start":{"line":7,"column":144},"end":{"line":7,"column":199}},"5":{"start":{"line":7,"column":200},"end":{"line":7,"column":231}},"6":{"start":{"line":7,"column":232},"end":{"line":7,"column":286}},"7":{"start":{"line":7,"column":259},"end":{"line":7,"column":286}},"8":{"start":{"line":7,"column":287},"end":{"line":7,"column":345}},"9":{"start":{"line":7,"column":350},"end":{"line":7,"column":559}},"10":{"start":{"line":7,"column":407},"end":{"line":7,"column":475}},"11":{"start":{"line":7,"column":423},"end":{"line":7,"column":475}},"12":{"start":{"line":7,"column":476},"end":{"line":7,"column":536}},"13":{"start":{"line":7,"column":493},"end":{"line":7,"column":536}},"14":{"start":{"line":7,"column":537},"end":{"line":7,"column":556}},"15":{"start":{"line":9,"column":13},"end":{"line":9,"column":35}},"16":{"start":{"line":11,"column":14},"end":{"line":11,"column":44}},"17":{"start":{"line":13,"column":15},"end":{"line":13,"column":44}},"18":{"start":{"line":15,"column":39},"end":{"line":15,"column":93}},"19":{"start":{"line":17,"column":33},"end":{"line":17,"column":456}},"20":{"start":{"line":17,"column":64},"end":{"line":17,"column":89}},"21":{"start":{"line":17,"column":91},"end":{"line":17,"column":453}},"22":{"start":{"line":17,"column":165},"end":{"line":17,"column":263}},"23":{"start":{"line":17,"column":182},"end":{"line":17,"column":195}},"24":{"start":{"line":17,"column":209},"end":{"line":17,"column":219}},"25":{"start":{"line":17,"column":239},"end":{"line":17,"column":253}},"26":{"start":{"line":17,"column":254},"end":{"line":17,"column":261}},"27":{"start":{"line":17,"column":264},"end":{"line":17,"column":426}},"28":{"start":{"line":17,"column":281},"end":{"line":17,"column":296}},"29":{"start":{"line":17,"column":306},"end":{"line":17,"column":424}},"30":{"start":{"line":17,"column":360},"end":{"line":17,"column":380}},"31":{"start":{"line":17,"column":401},"end":{"line":17,"column":420}},"32":{"start":{"line":17,"column":429},"end":{"line":17,"column":449}},"33":{"start":{"line":19,"column":50},"end":{"line":19,"column":151}},"34":{"start":{"line":19,"column":92},"end":{"line":19,"column":149}},"35":{"start":{"line":27,"column":22},"end":{"line":248,"column":3}},"36":{"start":{"line":29,"column":4},"end":{"line":29,"column":43}},"37":{"start":{"line":32,"column":2},"end":{"line":245,"column":6}},"38":{"start":{"line":46,"column":26},"end":{"line":46,"column":38}},"39":{"start":{"line":47,"column":22},"end":{"line":47,"column":45}},"40":{"start":{"line":48,"column":22},"end":{"line":48,"column":45}},"41":{"start":{"line":49,"column":20},"end":{"line":49,"column":41}},"42":{"start":{"line":50,"column":21},"end":{"line":50,"column":43}},"43":{"start":{"line":53,"column":24},"end":{"line":53,"column":107}},"44":{"start":{"line":55,"column":25},"end":{"line":55,"column":66}},"45":{"start":{"line":57,"column":6},"end":{"line":78,"column":9}},"46":{"start":{"line":58,"column":8},"end":{"line":64,"column":9}},"47":{"start":{"line":59,"column":10},"end":{"line":59,"column":27}},"48":{"start":{"line":60,"column":10},"end":{"line":63,"column":13}},"49":{"start":{"line":66,"column":8},"end":{"line":73,"column":9}},"50":{"start":{"line":67,"column":10},"end":{"line":72,"column":13}},"51":{"start":{"line":75,"column":8},"end":{"line":77,"column":11}},"52":{"start":{"line":94,"column":24},"end":{"line":94,"column":61}},"53":{"start":{"line":96,"column":6},"end":{"line":108,"column":9}},"54":{"start":{"line":97,"column":8},"end":{"line":100,"column":9}},"55":{"start":{"line":98,"column":10},"end":{"line":98,"column":27}},"56":{"start":{"line":99,"column":10},"end":{"line":99,"column":89}},"57":{"start":{"line":102,"column":8},"end":{"line":105,"column":9}},"58":{"start":{"line":103,"column":30},"end":{"line":103,"column":41}},"59":{"start":{"line":104,"column":10},"end":{"line":104,"column":76}},"60":{"start":{"line":107,"column":8},"end":{"line":107,"column":82}},"61":{"start":{"line":124,"column":15},"end":{"line":124,"column":32}},"62":{"start":{"line":127,"column":24},"end":{"line":127,"column":59}},"63":{"start":{"line":129,"column":6},"end":{"line":140,"column":9}},"64":{"start":{"line":130,"column":8},"end":{"line":132,"column":9}},"65":{"start":{"line":131,"column":10},"end":{"line":131,"column":89}},"66":{"start":{"line":134,"column":8},"end":{"line":138,"column":9}},"67":{"start":{"line":135,"column":10},"end":{"line":137,"column":11}},"68":{"start":{"line":136,"column":12},"end":{"line":136,"column":101}},"69":{"start":{"line":139,"column":8},"end":{"line":139,"column":91}},"70":{"start":{"line":141,"column":6},"end":{"line":141,"column":18}},"71":{"start":{"line":157,"column":15},"end":{"line":157,"column":32}},"72":{"start":{"line":160,"column":21},"end":{"line":160,"column":56}},"73":{"start":{"line":162,"column":6},"end":{"line":176,"column":9}},"74":{"start":{"line":163,"column":8},"end":{"line":165,"column":9}},"75":{"start":{"line":164,"column":10},"end":{"line":164,"column":89}},"76":{"start":{"line":167,"column":8},"end":{"line":173,"column":9}},"77":{"start":{"line":168,"column":25},"end":{"line":168,"column":36}},"78":{"start":{"line":169,"column":10},"end":{"line":172,"column":13}},"79":{"start":{"line":175,"column":8},"end":{"line":175,"column":94}},"80":{"start":{"line":192,"column":17},"end":{"line":237,"column":9}},"81":{"start":{"line":195,"column":8},"end":{"line":236,"column":37}},"82":{"start":{"line":196,"column":10},"end":{"line":235,"column":11}},"83":{"start":{"line":197,"column":12},"end":{"line":234,"column":13}},"84":{"start":{"line":199,"column":16},"end":{"line":199,"column":39}},"85":{"start":{"line":200,"column":16},"end":{"line":200,"column":51}},"86":{"start":{"line":201,"column":16},"end":{"line":201,"column":66}},"87":{"start":{"line":202,"column":16},"end":{"line":202,"column":102}},"88":{"start":{"line":203,"column":16},"end":{"line":203,"column":34}},"89":{"start":{"line":204,"column":16},"end":{"line":204,"column":34}},"90":{"start":{"line":205,"column":16},"end":{"line":205,"column":64}},"91":{"start":{"line":208,"column":16},"end":{"line":208,"column":38}},"92":{"start":{"line":209,"column":16},"end":{"line":209,"column":34}},"93":{"start":{"line":211,"column":16},"end":{"line":214,"column":17}},"94":{"start":{"line":212,"column":18},"end":{"line":212,"column":37}},"95":{"start":{"line":213,"column":18},"end":{"line":213,"column":24}},"96":{"start":{"line":216,"column":16},"end":{"line":216,"column":130}},"97":{"start":{"line":219,"column":16},"end":{"line":219,"column":35}},"98":{"start":{"line":220,"column":16},"end":{"line":220,"column":75}},"99":{"start":{"line":223,"column":16},"end":{"line":223,"column":45}},"100":{"start":{"line":224,"column":16},"end":{"line":224,"column":116}},"101":{"start":{"line":227,"column":16},"end":{"line":227,"column":35}},"102":{"start":{"line":228,"column":16},"end":{"line":228,"column":51}},"103":{"start":{"line":229,"column":16},"end":{"line":229,"column":128}},"104":{"start":{"line":233,"column":16},"end":{"line":233,"column":39}},"105":{"start":{"line":240,"column":8},"end":{"line":240,"column":43}},"106":{"start":{"line":243,"column":6},"end":{"line":243,"column":25}},"107":{"start":{"line":247,"column":2},"end":{"line":247,"column":25}},"108":{"start":{"line":250,"column":0},"end":{"line":250,"column":34}}},"fnMap":{"0":{"name":"(anonymous_0)","decl":{"start":{"line":7,"column":19},"end":{"line":7,"column":20}},"loc":{"start":{"line":7,"column":31},"end":{"line":7,"column":561}},"line":7},"1":{"name":"defineProperties","decl":{"start":{"line":7,"column":42},"end":{"line":7,"column":58}},"loc":{"start":{"line":7,"column":74},"end":{"line":7,"column":349}},"line":7},"2":{"name":"(anonymous_2)","decl":{"start":{"line":7,"column":357},"end":{"line":7,"column":358}},"loc":{"start":{"line":7,"column":405},"end":{"line":7,"column":558}},"line":7},"3":{"name":"_interopRequireDefault","decl":{"start":{"line":15,"column":9},"end":{"line":15,"column":31}},"loc":{"start":{"line":15,"column":37},"end":{"line":15,"column":95}},"line":15},"4":{"name":"_asyncToGenerator","decl":{"start":{"line":17,"column":9},"end":{"line":17,"column":26}},"loc":{"start":{"line":17,"column":31},"end":{"line":17,"column":458}},"line":17},"5":{"name":"(anonymous_5)","decl":{"start":{"line":17,"column":40},"end":{"line":17,"column":41}},"loc":{"start":{"line":17,"column":52},"end":{"line":17,"column":455}},"line":17},"6":{"name":"(anonymous_6)","decl":{"start":{"line":17,"column":110},"end":{"line":17,"column":111}},"loc":{"start":{"line":17,"column":137},"end":{"line":17,"column":451}},"line":17},"7":{"name":"step","decl":{"start":{"line":17,"column":148},"end":{"line":17,"column":152}},"loc":{"start":{"line":17,"column":163},"end":{"line":17,"column":428}},"line":17},"8":{"name":"(anonymous_8)","decl":{"start":{"line":17,"column":341},"end":{"line":17,"column":342}},"loc":{"start":{"line":17,"column":358},"end":{"line":17,"column":382}},"line":17},"9":{"name":"(anonymous_9)","decl":{"start":{"line":17,"column":384},"end":{"line":17,"column":385}},"loc":{"start":{"line":17,"column":399},"end":{"line":17,"column":422}},"line":17},"10":{"name":"_classCallCheck","decl":{"start":{"line":19,"column":9},"end":{"line":19,"column":24}},"loc":{"start":{"line":19,"column":48},"end":{"line":19,"column":153}},"line":19},"11":{"name":"(anonymous_11)","decl":{"start":{"line":27,"column":22},"end":{"line":27,"column":23}},"loc":{"start":{"line":27,"column":34},"end":{"line":248,"column":1}},"line":27},"12":{"name":"PartyController","decl":{"start":{"line":28,"column":11},"end":{"line":28,"column":26}},"loc":{"start":{"line":28,"column":29},"end":{"line":30,"column":3}},"line":28},"13":{"name":"createParty","decl":{"start":{"line":45,"column":20},"end":{"line":45,"column":31}},"loc":{"start":{"line":45,"column":51},"end":{"line":79,"column":5}},"line":45},"14":{"name":"(anonymous_14)","decl":{"start":{"line":57,"column":55},"end":{"line":57,"column":56}},"loc":{"start":{"line":57,"column":78},"end":{"line":78,"column":7}},"line":57},"15":{"name":"allParty","decl":{"start":{"line":93,"column":20},"end":{"line":93,"column":28}},"loc":{"start":{"line":93,"column":48},"end":{"line":109,"column":5}},"line":93},"16":{"name":"(anonymous_16)","decl":{"start":{"line":96,"column":41},"end":{"line":96,"column":42}},"loc":{"start":{"line":96,"column":64},"end":{"line":108,"column":7}},"line":96},"17":{"name":"deleteParty","decl":{"start":{"line":123,"column":20},"end":{"line":123,"column":31}},"loc":{"start":{"line":123,"column":51},"end":{"line":142,"column":5}},"line":123},"18":{"name":"(anonymous_18)","decl":{"start":{"line":129,"column":47},"end":{"line":129,"column":48}},"loc":{"start":{"line":129,"column":70},"end":{"line":140,"column":7}},"line":129},"19":{"name":"getOneParty","decl":{"start":{"line":156,"column":20},"end":{"line":156,"column":31}},"loc":{"start":{"line":156,"column":51},"end":{"line":177,"column":5}},"line":156},"20":{"name":"(anonymous_20)","decl":{"start":{"line":162,"column":44},"end":{"line":162,"column":45}},"loc":{"start":{"line":162,"column":67},"end":{"line":176,"column":7}},"line":162},"21":{"name":"(anonymous_21)","decl":{"start":{"line":191,"column":11},"end":{"line":191,"column":12}},"loc":{"start":{"line":191,"column":23},"end":{"line":244,"column":5}},"line":191},"22":{"name":"_callee","decl":{"start":{"line":192,"column":82},"end":{"line":192,"column":89}},"loc":{"start":{"line":192,"column":109},"end":{"line":237,"column":7}},"line":192},"23":{"name":"_callee$","decl":{"start":{"line":195,"column":48},"end":{"line":195,"column":56}},"loc":{"start":{"line":195,"column":67},"end":{"line":236,"column":9}},"line":195},"24":{"name":"updateParty","decl":{"start":{"line":239,"column":15},"end":{"line":239,"column":26}},"loc":{"start":{"line":239,"column":36},"end":{"line":241,"column":7}},"line":239}},"branchMap":{"0":{"loc":{"start":{"line":7,"column":168},"end":{"line":7,"column":198}},"type":"binary-expr","locations":[{"start":{"line":7,"column":168},"end":{"line":7,"column":189}},{"start":{"line":7,"column":193},"end":{"line":7,"column":198}}],"line":7},"1":{"loc":{"start":{"line":7,"column":232},"end":{"line":7,"column":286}},"type":"if","locations":[{"start":{"line":7,"column":232},"end":{"line":7,"column":286}},{"start":{"line":7,"column":232},"end":{"line":7,"column":286}}],"line":7},"2":{"loc":{"start":{"line":7,"column":407},"end":{"line":7,"column":475}},"type":"if","locations":[{"start":{"line":7,"column":407},"end":{"line":7,"column":475}},{"start":{"line":7,"column":407},"end":{"line":7,"column":475}}],"line":7},"3":{"loc":{"start":{"line":7,"column":476},"end":{"line":7,"column":536}},"type":"if","locations":[{"start":{"line":7,"column":476},"end":{"line":7,"column":536}},{"start":{"line":7,"column":476},"end":{"line":7,"column":536}}],"line":7},"4":{"loc":{"start":{"line":15,"column":46},"end":{"line":15,"column":92}},"type":"cond-expr","locations":[{"start":{"line":15,"column":70},"end":{"line":15,"column":73}},{"start":{"line":15,"column":76},"end":{"line":15,"column":92}}],"line":15},"5":{"loc":{"start":{"line":15,"column":46},"end":{"line":15,"column":67}},"type":"binary-expr","locations":[{"start":{"line":15,"column":46},"end":{"line":15,"column":49}},{"start":{"line":15,"column":53},"end":{"line":15,"column":67}}],"line":15},"6":{"loc":{"start":{"line":17,"column":264},"end":{"line":17,"column":426}},"type":"if","locations":[{"start":{"line":17,"column":264},"end":{"line":17,"column":426}},{"start":{"line":17,"column":264},"end":{"line":17,"column":426}}],"line":17},"7":{"loc":{"start":{"line":19,"column":50},"end":{"line":19,"column":151}},"type":"if","locations":[{"start":{"line":19,"column":50},"end":{"line":19,"column":151}},{"start":{"line":19,"column":50},"end":{"line":19,"column":151}}],"line":19},"8":{"loc":{"start":{"line":58,"column":8},"end":{"line":64,"column":9}},"type":"if","locations":[{"start":{"line":58,"column":8},"end":{"line":64,"column":9}},{"start":{"line":58,"column":8},"end":{"line":64,"column":9}}],"line":58},"9":{"loc":{"start":{"line":66,"column":8},"end":{"line":73,"column":9}},"type":"if","locations":[{"start":{"line":66,"column":8},"end":{"line":73,"column":9}},{"start":{"line":66,"column":8},"end":{"line":73,"column":9}}],"line":66},"10":{"loc":{"start":{"line":97,"column":8},"end":{"line":100,"column":9}},"type":"if","locations":[{"start":{"line":97,"column":8},"end":{"line":100,"column":9}},{"start":{"line":97,"column":8},"end":{"line":100,"column":9}}],"line":97},"11":{"loc":{"start":{"line":102,"column":8},"end":{"line":105,"column":9}},"type":"if","locations":[{"start":{"line":102,"column":8},"end":{"line":105,"column":9}},{"start":{"line":102,"column":8},"end":{"line":105,"column":9}}],"line":102},"12":{"loc":{"start":{"line":130,"column":8},"end":{"line":132,"column":9}},"type":"if","locations":[{"start":{"line":130,"column":8},"end":{"line":132,"column":9}},{"start":{"line":130,"column":8},"end":{"line":132,"column":9}}],"line":130},"13":{"loc":{"start":{"line":134,"column":8},"end":{"line":138,"column":9}},"type":"if","locations":[{"start":{"line":134,"column":8},"end":{"line":138,"column":9}},{"start":{"line":134,"column":8},"end":{"line":138,"column":9}}],"line":134},"14":{"loc":{"start":{"line":135,"column":10},"end":{"line":137,"column":11}},"type":"if","locations":[{"start":{"line":135,"column":10},"end":{"line":137,"column":11}},{"start":{"line":135,"column":10},"end":{"line":137,"column":11}}],"line":135},"15":{"loc":{"start":{"line":163,"column":8},"end":{"line":165,"column":9}},"type":"if","locations":[{"start":{"line":163,"column":8},"end":{"line":165,"column":9}},{"start":{"line":163,"column":8},"end":{"line":165,"column":9}}],"line":163},"16":{"loc":{"start":{"line":167,"column":8},"end":{"line":173,"column":9}},"type":"if","locations":[{"start":{"line":167,"column":8},"end":{"line":173,"column":9}},{"start":{"line":167,"column":8},"end":{"line":173,"column":9}}],"line":167},"17":{"loc":{"start":{"line":197,"column":12},"end":{"line":234,"column":13}},"type":"switch","locations":[{"start":{"line":198,"column":14},"end":{"line":205,"column":64}},{"start":{"line":207,"column":14},"end":{"line":216,"column":130}},{"start":{"line":218,"column":14},"end":{"line":220,"column":75}},{"start":{"line":222,"column":14},"end":{"line":224,"column":116}},{"start":{"line":226,"column":14},"end":{"line":229,"column":128}},{"start":{"line":231,"column":14},"end":{"line":231,"column":22}},{"start":{"line":232,"column":14},"end":{"line":233,"column":39}}],"line":197},"18":{"loc":{"start":{"line":211,"column":16},"end":{"line":214,"column":17}},"type":"if","locations":[{"start":{"line":211,"column":16},"end":{"line":214,"column":17}},{"start":{"line":211,"column":16},"end":{"line":214,"column":17}}],"line":211}},"s":{"0":1,"1":1,"2":1,"3":5,"4":5,"5":5,"6":5,"7":5,"8":5,"9":1,"10":1,"11":0,"12":1,"13":1,"14":1,"15":1,"16":1,"17":1,"18":1,"19":1,"20":2,"21":2,"22":5,"23":5,"24":5,"25":0,"26":0,"27":5,"28":2,"29":3,"30":3,"31":0,"32":2,"33":0,"34":0,"35":1,"36":0,"37":1,"38":1,"39":1,"40":1,"41":1,"42":1,"43":1,"44":1,"45":1,"46":1,"47":0,"48":0,"49":1,"50":1,"51":0,"52":1,"53":1,"54":1,"55":0,"56":0,"57":1,"58":1,"59":1,"60":0,"61":2,"62":2,"63":2,"64":2,"65":0,"66":2,"67":2,"68":0,"69":2,"70":2,"71":2,"72":2,"73":2,"74":2,"75":0,"76":2,"77":1,"78":1,"79":1,"80":1,"81":2,"82":7,"83":8,"84":2,"85":2,"86":2,"87":2,"88":2,"89":2,"90":2,"91":2,"92":2,"93":2,"94":1,"95":1,"96":1,"97":1,"98":1,"99":1,"100":1,"101":0,"102":0,"103":0,"104":2,"105":2,"106":1,"107":1,"108":1},"f":{"0":1,"1":1,"2":1,"3":1,"4":1,"5":2,"6":2,"7":5,"8":3,"9":0,"10":0,"11":1,"12":0,"13":1,"14":1,"15":1,"16":1,"17":2,"18":2,"19":2,"20":2,"21":1,"22":2,"23":7,"24":2},"b":{"0":[5,5],"1":[5,0],"2":[0,1],"3":[1,0],"4":[1,0],"5":[1,1],"6":[2,3],"7":[0,0],"8":[0,1],"9":[1,0],"10":[0,1],"11":[1,0],"12":[0,2],"13":[2,0],"14":[0,2],"15":[0,2],"16":[1,1],"17":[2,2,1,1,0,0,2],"18":[1,1]},"_coverageSchema":"43e27e138ebf9cfc5966b082cf9a028302ed4184","hash":"db169679d2b6cf9198609ab3d3ebc7bd1f7d24b3","contentHash":"97423ccf228a4c1d2a00789bfc7b90b6"},"/home/sir_gregg/Desktop/Greg/Repositories/Projects/politico/server/db/index.js":{"path":"/home/sir_gregg/Desktop/Greg/Repositories/Projects/politico/server/db/index.js","statementMap":{"0":{"start":{"line":3,"column":0},"end":{"line":5,"column":3}},"1":{"start":{"line":7,"column":10},"end":{"line":7,"column":23}},"2":{"start":{"line":9,"column":14},"end":{"line":9,"column":31}},"3":{"start":{"line":13,"column":0},"end":{"line":13,"column":22}},"4":{"start":{"line":15,"column":23},"end":{"line":15,"column":81}},"5":{"start":{"line":17,"column":11},"end":{"line":19,"column":2}},"6":{"start":{"line":21,"column":0},"end":{"line":21,"column":49}},"7":{"start":{"line":22,"column":0},"end":{"line":22,"column":66}},"8":{"start":{"line":24,"column":0},"end":{"line":24,"column":23}}},"fnMap":{},"branchMap":{"0":{"loc":{"start":{"line":15,"column":23},"end":{"line":15,"column":81}},"type":"binary-expr","locations":[{"start":{"line":15,"column":23},"end":{"line":15,"column":53}},{"start":{"line":15,"column":57},"end":{"line":15,"column":81}}],"line":15}},"s":{"0":1,"1":1,"2":1,"3":1,"4":1,"5":1,"6":1,"7":1,"8":1},"f":{},"b":{"0":[1,0]},"_coverageSchema":"43e27e138ebf9cfc5966b082cf9a028302ed4184","hash":"196e3994293f5f31356b0895677e3f8b818ff099","contentHash":"81ce7bcfeb3c63c2066ed8f9cc3c36a9"},"/home/sir_gregg/Desktop/Greg/Repositories/Projects/politico/server/helpers/helpers.js":{"path":"/home/sir_gregg/Desktop/Greg/Repositories/Projects/politico/server/helpers/helpers.js","statementMap":{"0":{"start":{"line":3,"column":0},"end":{"line":5,"column":3}},"1":{"start":{"line":7,"column":16},"end":{"line":9,"column":1}},"2":{"start":{"line":8,"column":2},"end":{"line":8,"column":52}},"3":{"start":{"line":12,"column":14},"end":{"line":14,"column":1}},"4":{"start":{"line":13,"column":2},"end":{"line":13,"column":74}},"5":{"start":{"line":17,"column":12},"end":{"line":19,"column":1}},"6":{"start":{"line":18,"column":2},"end":{"line":18,"column":80}},"7":{"start":{"line":22,"column":11},"end":{"line":26,"column":1}},"8":{"start":{"line":23,"column":2},"end":{"line":25,"column":5}},"9":{"start":{"line":24,"column":4},"end":{"line":24,"column":27}},"10":{"start":{"line":29,"column":14},"end":{"line":34,"column":1}},"11":{"start":{"line":31,"column":18},"end":{"line":31,"column":47}},"12":{"start":{"line":33,"column":2},"end":{"line":33,"column":19}}},"fnMap":{"0":{"name":"parsedInt","decl":{"start":{"line":7,"column":45},"end":{"line":7,"column":54}},"loc":{"start":{"line":7,"column":59},"end":{"line":9,"column":1}},"line":7},"1":{"name":"success","decl":{"start":{"line":12,"column":41},"end":{"line":12,"column":48}},"loc":{"start":{"line":12,"column":85},"end":{"line":14,"column":1}},"line":12},"2":{"name":"error","decl":{"start":{"line":17,"column":37},"end":{"line":17,"column":42}},"loc":{"start":{"line":17,"column":82},"end":{"line":19,"column":1}},"line":17},"3":{"name":"find","decl":{"start":{"line":22,"column":35},"end":{"line":22,"column":39}},"loc":{"start":{"line":22,"column":56},"end":{"line":26,"column":1}},"line":22},"4":{"name":"(anonymous_4)","decl":{"start":{"line":23,"column":25},"end":{"line":23,"column":26}},"loc":{"start":{"line":23,"column":42},"end":{"line":25,"column":3}},"line":23},"5":{"name":"isValid","decl":{"start":{"line":29,"column":41},"end":{"line":29,"column":48}},"loc":{"start":{"line":29,"column":56},"end":{"line":34,"column":1}},"line":29}},"branchMap":{"0":{"loc":{"start":{"line":8,"column":9},"end":{"line":8,"column":51}},"type":"cond-expr","locations":[{"start":{"line":8,"column":29},"end":{"line":8,"column":32}},{"start":{"line":8,"column":35},"end":{"line":8,"column":51}}],"line":8}},"s":{"0":1,"1":1,"2":13,"3":1,"4":8,"5":1,"6":30,"7":1,"8":0,"9":0,"10":1,"11":0,"12":0},"f":{"0":13,"1":8,"2":30,"3":0,"4":0,"5":0},"b":{"0":[4,9]},"_coverageSchema":"43e27e138ebf9cfc5966b082cf9a028302ed4184","hash":"0edab898b4b9096059883cc510a598ed42c73791","contentHash":"b73945cfe7e58d2dc1ef6fea46c0a1c7"},"/home/sir_gregg/Desktop/Greg/Repositories/Projects/politico/server/controllers/UserController.js":{"path":"/home/sir_gregg/Desktop/Greg/Repositories/Projects/politico/server/controllers/UserController.js","statementMap":{"0":{"start":{"line":3,"column":0},"end":{"line":5,"column":3}},"1":{"start":{"line":7,"column":19},"end":{"line":7,"column":563}},"2":{"start":{"line":7,"column":76},"end":{"line":7,"column":347}},"3":{"start":{"line":7,"column":134},"end":{"line":7,"column":142}},"4":{"start":{"line":7,"column":144},"end":{"line":7,"column":199}},"5":{"start":{"line":7,"column":200},"end":{"line":7,"column":231}},"6":{"start":{"line":7,"column":232},"end":{"line":7,"column":286}},"7":{"start":{"line":7,"column":259},"end":{"line":7,"column":286}},"8":{"start":{"line":7,"column":287},"end":{"line":7,"column":345}},"9":{"start":{"line":7,"column":350},"end":{"line":7,"column":559}},"10":{"start":{"line":7,"column":407},"end":{"line":7,"column":475}},"11":{"start":{"line":7,"column":423},"end":{"line":7,"column":475}},"12":{"start":{"line":7,"column":476},"end":{"line":7,"column":536}},"13":{"start":{"line":7,"column":493},"end":{"line":7,"column":536}},"14":{"start":{"line":7,"column":537},"end":{"line":7,"column":556}},"15":{"start":{"line":9,"column":14},"end":{"line":9,"column":31}},"16":{"start":{"line":11,"column":15},"end":{"line":11,"column":46}},"17":{"start":{"line":13,"column":20},"end":{"line":13,"column":43}},"18":{"start":{"line":15,"column":21},"end":{"line":15,"column":58}},"19":{"start":{"line":17,"column":15},"end":{"line":17,"column":44}},"20":{"start":{"line":19,"column":10},"end":{"line":19,"column":26}},"21":{"start":{"line":21,"column":11},"end":{"line":21,"column":38}},"22":{"start":{"line":23,"column":39},"end":{"line":23,"column":93}},"23":{"start":{"line":25,"column":50},"end":{"line":25,"column":151}},"24":{"start":{"line":25,"column":92},"end":{"line":25,"column":149}},"25":{"start":{"line":27,"column":21},"end":{"line":128,"column":3}},"26":{"start":{"line":29,"column":4},"end":{"line":29,"column":42}},"27":{"start":{"line":32,"column":2},"end":{"line":125,"column":6}},"28":{"start":{"line":35,"column":26},"end":{"line":35,"column":38}},"29":{"start":{"line":36,"column":18},"end":{"line":36,"column":37}},"30":{"start":{"line":37,"column":21},"end":{"line":37,"column":43}},"31":{"start":{"line":40,"column":23},"end":{"line":40,"column":61}},"32":{"start":{"line":42,"column":6},"end":{"line":72,"column":9}},"33":{"start":{"line":43,"column":8},"end":{"line":45,"column":9}},"34":{"start":{"line":44,"column":10},"end":{"line":44,"column":89}},"35":{"start":{"line":47,"column":8},"end":{"line":70,"column":9}},"36":{"start":{"line":49,"column":27},"end":{"line":49,"column":90}},"37":{"start":{"line":50,"column":10},"end":{"line":52,"column":11}},"38":{"start":{"line":51,"column":12},"end":{"line":51,"column":81}},"39":{"start":{"line":54,"column":10},"end":{"line":69,"column":11}},"40":{"start":{"line":55,"column":24},"end":{"line":60,"column":57}},"41":{"start":{"line":61,"column":12},"end":{"line":68,"column":15}},"42":{"start":{"line":71,"column":8},"end":{"line":71,"column":102}},"43":{"start":{"line":77,"column":27},"end":{"line":77,"column":39}},"44":{"start":{"line":78,"column":22},"end":{"line":78,"column":46}},"45":{"start":{"line":79,"column":21},"end":{"line":79,"column":44}},"46":{"start":{"line":80,"column":22},"end":{"line":80,"column":46}},"47":{"start":{"line":81,"column":18},"end":{"line":81,"column":38}},"48":{"start":{"line":82,"column":24},"end":{"line":82,"column":50}},"49":{"start":{"line":83,"column":21},"end":{"line":83,"column":44}},"50":{"start":{"line":84,"column":24},"end":{"line":84,"column":50}},"51":{"start":{"line":87,"column":17},"end":{"line":87,"column":23}},"52":{"start":{"line":89,"column":20},"end":{"line":89,"column":58}},"53":{"start":{"line":91,"column":6},"end":{"line":123,"column":9}},"54":{"start":{"line":92,"column":8},"end":{"line":94,"column":9}},"55":{"start":{"line":93,"column":10},"end":{"line":93,"column":94}},"56":{"start":{"line":96,"column":8},"end":{"line":98,"column":9}},"57":{"start":{"line":97,"column":10},"end":{"line":97,"column":82}},"58":{"start":{"line":100,"column":27},"end":{"line":100,"column":66}},"59":{"start":{"line":102,"column":25},"end":{"line":102,"column":164}},"60":{"start":{"line":104,"column":27},"end":{"line":104,"column":112}},"61":{"start":{"line":106,"column":8},"end":{"line":121,"column":11}},"62":{"start":{"line":107,"column":10},"end":{"line":109,"column":11}},"63":{"start":{"line":108,"column":12},"end":{"line":108,"column":90}},"64":{"start":{"line":111,"column":10},"end":{"line":120,"column":13}},"65":{"start":{"line":122,"column":8},"end":{"line":122,"column":20}},"66":{"start":{"line":127,"column":2},"end":{"line":127,"column":24}},"67":{"start":{"line":130,"column":0},"end":{"line":130,"column":33}}},"fnMap":{"0":{"name":"(anonymous_0)","decl":{"start":{"line":7,"column":19},"end":{"line":7,"column":20}},"loc":{"start":{"line":7,"column":31},"end":{"line":7,"column":561}},"line":7},"1":{"name":"defineProperties","decl":{"start":{"line":7,"column":42},"end":{"line":7,"column":58}},"loc":{"start":{"line":7,"column":74},"end":{"line":7,"column":349}},"line":7},"2":{"name":"(anonymous_2)","decl":{"start":{"line":7,"column":357},"end":{"line":7,"column":358}},"loc":{"start":{"line":7,"column":405},"end":{"line":7,"column":558}},"line":7},"3":{"name":"_interopRequireDefault","decl":{"start":{"line":23,"column":9},"end":{"line":23,"column":31}},"loc":{"start":{"line":23,"column":37},"end":{"line":23,"column":95}},"line":23},"4":{"name":"_classCallCheck","decl":{"start":{"line":25,"column":9},"end":{"line":25,"column":24}},"loc":{"start":{"line":25,"column":48},"end":{"line":25,"column":153}},"line":25},"5":{"name":"(anonymous_5)","decl":{"start":{"line":27,"column":21},"end":{"line":27,"column":22}},"loc":{"start":{"line":27,"column":33},"end":{"line":128,"column":1}},"line":27},"6":{"name":"UserController","decl":{"start":{"line":28,"column":11},"end":{"line":28,"column":25}},"loc":{"start":{"line":28,"column":28},"end":{"line":30,"column":3}},"line":28},"7":{"name":"login","decl":{"start":{"line":34,"column":20},"end":{"line":34,"column":25}},"loc":{"start":{"line":34,"column":45},"end":{"line":73,"column":5}},"line":34},"8":{"name":"(anonymous_8)","decl":{"start":{"line":42,"column":46},"end":{"line":42,"column":47}},"loc":{"start":{"line":42,"column":69},"end":{"line":72,"column":7}},"line":42},"9":{"name":"createUser","decl":{"start":{"line":76,"column":20},"end":{"line":76,"column":30}},"loc":{"start":{"line":76,"column":50},"end":{"line":124,"column":5}},"line":76},"10":{"name":"(anonymous_10)","decl":{"start":{"line":91,"column":43},"end":{"line":91,"column":44}},"loc":{"start":{"line":91,"column":66},"end":{"line":123,"column":7}},"line":91},"11":{"name":"(anonymous_11)","decl":{"start":{"line":106,"column":53},"end":{"line":106,"column":54}},"loc":{"start":{"line":106,"column":69},"end":{"line":121,"column":9}},"line":106}},"branchMap":{"0":{"loc":{"start":{"line":7,"column":168},"end":{"line":7,"column":198}},"type":"binary-expr","locations":[{"start":{"line":7,"column":168},"end":{"line":7,"column":189}},{"start":{"line":7,"column":193},"end":{"line":7,"column":198}}],"line":7},"1":{"loc":{"start":{"line":7,"column":232},"end":{"line":7,"column":286}},"type":"if","locations":[{"start":{"line":7,"column":232},"end":{"line":7,"column":286}},{"start":{"line":7,"column":232},"end":{"line":7,"column":286}}],"line":7},"2":{"loc":{"start":{"line":7,"column":407},"end":{"line":7,"column":475}},"type":"if","locations":[{"start":{"line":7,"column":407},"end":{"line":7,"column":475}},{"start":{"line":7,"column":407},"end":{"line":7,"column":475}}],"line":7},"3":{"loc":{"start":{"line":7,"column":476},"end":{"line":7,"column":536}},"type":"if","locations":[{"start":{"line":7,"column":476},"end":{"line":7,"column":536}},{"start":{"line":7,"column":476},"end":{"line":7,"column":536}}],"line":7},"4":{"loc":{"start":{"line":23,"column":46},"end":{"line":23,"column":92}},"type":"cond-expr","locations":[{"start":{"line":23,"column":70},"end":{"line":23,"column":73}},{"start":{"line":23,"column":76},"end":{"line":23,"column":92}}],"line":23},"5":{"loc":{"start":{"line":23,"column":46},"end":{"line":23,"column":67}},"type":"binary-expr","locations":[{"start":{"line":23,"column":46},"end":{"line":23,"column":49}},{"start":{"line":23,"column":53},"end":{"line":23,"column":67}}],"line":23},"6":{"loc":{"start":{"line":25,"column":50},"end":{"line":25,"column":151}},"type":"if","locations":[{"start":{"line":25,"column":50},"end":{"line":25,"column":151}},{"start":{"line":25,"column":50},"end":{"line":25,"column":151}}],"line":25},"7":{"loc":{"start":{"line":43,"column":8},"end":{"line":45,"column":9}},"type":"if","locations":[{"start":{"line":43,"column":8},"end":{"line":45,"column":9}},{"start":{"line":43,"column":8},"end":{"line":45,"column":9}}],"line":43},"8":{"loc":{"start":{"line":47,"column":8},"end":{"line":70,"column":9}},"type":"if","locations":[{"start":{"line":47,"column":8},"end":{"line":70,"column":9}},{"start":{"line":47,"column":8},"end":{"line":70,"column":9}}],"line":47},"9":{"loc":{"start":{"line":50,"column":10},"end":{"line":52,"column":11}},"type":"if","locations":[{"start":{"line":50,"column":10},"end":{"line":52,"column":11}},{"start":{"line":50,"column":10},"end":{"line":52,"column":11}}],"line":50},"10":{"loc":{"start":{"line":54,"column":10},"end":{"line":69,"column":11}},"type":"if","locations":[{"start":{"line":54,"column":10},"end":{"line":69,"column":11}},{"start":{"line":54,"column":10},"end":{"line":69,"column":11}}],"line":54},"11":{"loc":{"start":{"line":92,"column":8},"end":{"line":94,"column":9}},"type":"if","locations":[{"start":{"line":92,"column":8},"end":{"line":94,"column":9}},{"start":{"line":92,"column":8},"end":{"line":94,"column":9}}],"line":92},"12":{"loc":{"start":{"line":96,"column":8},"end":{"line":98,"column":9}},"type":"if","locations":[{"start":{"line":96,"column":8},"end":{"line":98,"column":9}},{"start":{"line":96,"column":8},"end":{"line":98,"column":9}}],"line":96},"13":{"loc":{"start":{"line":107,"column":10},"end":{"line":109,"column":11}},"type":"if","locations":[{"start":{"line":107,"column":10},"end":{"line":109,"column":11}},{"start":{"line":107,"column":10},"end":{"line":109,"column":11}}],"line":107}},"s":{"0":1,"1":1,"2":1,"3":2,"4":2,"5":2,"6":2,"7":2,"8":2,"9":1,"10":1,"11":0,"12":1,"13":1,"14":1,"15":1,"16":1,"17":1,"18":1,"19":1,"20":1,"21":1,"22":3,"23":0,"24":0,"25":1,"26":0,"27":1,"28":1,"29":1,"30":1,"31":1,"32":1,"33":1,"34":0,"35":1,"36":1,"37":1,"38":0,"39":1,"40":1,"41":1,"42":0,"43":1,"44":1,"45":1,"46":1,"47":1,"48":1,"49":1,"50":1,"51":1,"52":1,"53":1,"54":1,"55":0,"56":1,"57":1,"58":0,"59":0,"60":0,"61":0,"62":0,"63":0,"64":0,"65":0,"66":1,"67":1},"f":{"0":1,"1":1,"2":1,"3":3,"4":0,"5":1,"6":0,"7":1,"8":1,"9":1,"10":1,"11":0},"b":{"0":[2,2],"1":[2,0],"2":[0,1],"3":[1,0],"4":[1,2],"5":[3,3],"6":[0,0],"7":[0,1],"8":[1,0],"9":[0,1],"10":[1,0],"11":[0,1],"12":[1,0],"13":[0,0]},"_coverageSchema":"43e27e138ebf9cfc5966b082cf9a028302ed4184","hash":"c13f944e46febfb659b1c5b0dae0580ea4a35055","contentHash":"0569c9a517ee0b27882a4ea4beeb49d8"},"/home/sir_gregg/Desktop/Greg/Repositories/Projects/politico/server/controllers/OfficeController.js":{"path":"/home/sir_gregg/Desktop/Greg/Repositories/Projects/politico/server/controllers/OfficeController.js","statementMap":{"0":{"start":{"line":3,"column":0},"end":{"line":5,"column":3}},"1":{"start":{"line":7,"column":19},"end":{"line":7,"column":563}},"2":{"start":{"line":7,"column":76},"end":{"line":7,"column":347}},"3":{"start":{"line":7,"column":134},"end":{"line":7,"column":142}},"4":{"start":{"line":7,"column":144},"end":{"line":7,"column":199}},"5":{"start":{"line":7,"column":200},"end":{"line":7,"column":231}},"6":{"start":{"line":7,"column":232},"end":{"line":7,"column":286}},"7":{"start":{"line":7,"column":259},"end":{"line":7,"column":286}},"8":{"start":{"line":7,"column":287},"end":{"line":7,"column":345}},"9":{"start":{"line":7,"column":350},"end":{"line":7,"column":559}},"10":{"start":{"line":7,"column":407},"end":{"line":7,"column":475}},"11":{"start":{"line":7,"column":423},"end":{"line":7,"column":475}},"12":{"start":{"line":7,"column":476},"end":{"line":7,"column":536}},"13":{"start":{"line":7,"column":493},"end":{"line":7,"column":536}},"14":{"start":{"line":7,"column":537},"end":{"line":7,"column":556}},"15":{"start":{"line":9,"column":13},"end":{"line":9,"column":35}},"16":{"start":{"line":11,"column":14},"end":{"line":11,"column":44}},"17":{"start":{"line":13,"column":15},"end":{"line":13,"column":44}},"18":{"start":{"line":15,"column":39},"end":{"line":15,"column":93}},"19":{"start":{"line":17,"column":50},"end":{"line":17,"column":151}},"20":{"start":{"line":17,"column":92},"end":{"line":17,"column":149}},"21":{"start":{"line":25,"column":23},"end":{"line":120,"column":3}},"22":{"start":{"line":27,"column":4},"end":{"line":27,"column":44}},"23":{"start":{"line":30,"column":2},"end":{"line":117,"column":6}},"24":{"start":{"line":44,"column":26},"end":{"line":44,"column":38}},"25":{"start":{"line":45,"column":23},"end":{"line":45,"column":47}},"26":{"start":{"line":46,"column":17},"end":{"line":46,"column":35}},"27":{"start":{"line":47,"column":21},"end":{"line":47,"column":43}},"28":{"start":{"line":50,"column":25},"end":{"line":50,"column":92}},"29":{"start":{"line":52,"column":25},"end":{"line":52,"column":53}},"30":{"start":{"line":54,"column":6},"end":{"line":73,"column":9}},"31":{"start":{"line":55,"column":8},"end":{"line":60,"column":9}},"32":{"start":{"line":56,"column":10},"end":{"line":59,"column":13}},"33":{"start":{"line":62,"column":8},"end":{"line":68,"column":9}},"34":{"start":{"line":63,"column":10},"end":{"line":67,"column":13}},"35":{"start":{"line":70,"column":8},"end":{"line":72,"column":11}},"36":{"start":{"line":78,"column":25},"end":{"line":78,"column":63}},"37":{"start":{"line":80,"column":6},"end":{"line":91,"column":9}},"38":{"start":{"line":81,"column":8},"end":{"line":83,"column":9}},"39":{"start":{"line":82,"column":10},"end":{"line":82,"column":89}},"40":{"start":{"line":85,"column":8},"end":{"line":88,"column":9}},"41":{"start":{"line":86,"column":29},"end":{"line":86,"column":40}},"42":{"start":{"line":87,"column":10},"end":{"line":87,"column":75}},"43":{"start":{"line":90,"column":8},"end":{"line":90,"column":82}},"44":{"start":{"line":96,"column":15},"end":{"line":96,"column":32}},"45":{"start":{"line":99,"column":22},"end":{"line":99,"column":58}},"46":{"start":{"line":101,"column":6},"end":{"line":115,"column":9}},"47":{"start":{"line":102,"column":8},"end":{"line":104,"column":9}},"48":{"start":{"line":103,"column":10},"end":{"line":103,"column":89}},"49":{"start":{"line":106,"column":8},"end":{"line":112,"column":9}},"50":{"start":{"line":107,"column":26},"end":{"line":107,"column":37}},"51":{"start":{"line":108,"column":10},"end":{"line":111,"column":13}},"52":{"start":{"line":114,"column":8},"end":{"line":114,"column":95}},"53":{"start":{"line":119,"column":2},"end":{"line":119,"column":26}},"54":{"start":{"line":122,"column":0},"end":{"line":122,"column":35}}},"fnMap":{"0":{"name":"(anonymous_0)","decl":{"start":{"line":7,"column":19},"end":{"line":7,"column":20}},"loc":{"start":{"line":7,"column":31},"end":{"line":7,"column":561}},"line":7},"1":{"name":"defineProperties","decl":{"start":{"line":7,"column":42},"end":{"line":7,"column":58}},"loc":{"start":{"line":7,"column":74},"end":{"line":7,"column":349}},"line":7},"2":{"name":"(anonymous_2)","decl":{"start":{"line":7,"column":357},"end":{"line":7,"column":358}},"loc":{"start":{"line":7,"column":405},"end":{"line":7,"column":558}},"line":7},"3":{"name":"_interopRequireDefault","decl":{"start":{"line":15,"column":9},"end":{"line":15,"column":31}},"loc":{"start":{"line":15,"column":37},"end":{"line":15,"column":95}},"line":15},"4":{"name":"_classCallCheck","decl":{"start":{"line":17,"column":9},"end":{"line":17,"column":24}},"loc":{"start":{"line":17,"column":48},"end":{"line":17,"column":153}},"line":17},"5":{"name":"(anonymous_5)","decl":{"start":{"line":25,"column":23},"end":{"line":25,"column":24}},"loc":{"start":{"line":25,"column":35},"end":{"line":120,"column":1}},"line":25},"6":{"name":"OfficeController","decl":{"start":{"line":26,"column":11},"end":{"line":26,"column":27}},"loc":{"start":{"line":26,"column":30},"end":{"line":28,"column":3}},"line":26},"7":{"name":"createOffice","decl":{"start":{"line":43,"column":20},"end":{"line":43,"column":32}},"loc":{"start":{"line":43,"column":52},"end":{"line":74,"column":5}},"line":43},"8":{"name":"(anonymous_8)","decl":{"start":{"line":54,"column":56},"end":{"line":54,"column":57}},"loc":{"start":{"line":54,"column":79},"end":{"line":73,"column":7}},"line":54},"9":{"name":"allOffice","decl":{"start":{"line":77,"column":20},"end":{"line":77,"column":29}},"loc":{"start":{"line":77,"column":49},"end":{"line":92,"column":5}},"line":77},"10":{"name":"(anonymous_10)","decl":{"start":{"line":80,"column":42},"end":{"line":80,"column":43}},"loc":{"start":{"line":80,"column":65},"end":{"line":91,"column":7}},"line":80},"11":{"name":"getOneOffice","decl":{"start":{"line":95,"column":20},"end":{"line":95,"column":32}},"loc":{"start":{"line":95,"column":52},"end":{"line":116,"column":5}},"line":95},"12":{"name":"(anonymous_12)","decl":{"start":{"line":101,"column":45},"end":{"line":101,"column":46}},"loc":{"start":{"line":101,"column":68},"end":{"line":115,"column":7}},"line":101}},"branchMap":{"0":{"loc":{"start":{"line":7,"column":168},"end":{"line":7,"column":198}},"type":"binary-expr","locations":[{"start":{"line":7,"column":168},"end":{"line":7,"column":189}},{"start":{"line":7,"column":193},"end":{"line":7,"column":198}}],"line":7},"1":{"loc":{"start":{"line":7,"column":232},"end":{"line":7,"column":286}},"type":"if","locations":[{"start":{"line":7,"column":232},"end":{"line":7,"column":286}},{"start":{"line":7,"column":232},"end":{"line":7,"column":286}}],"line":7},"2":{"loc":{"start":{"line":7,"column":407},"end":{"line":7,"column":475}},"type":"if","locations":[{"start":{"line":7,"column":407},"end":{"line":7,"column":475}},{"start":{"line":7,"column":407},"end":{"line":7,"column":475}}],"line":7},"3":{"loc":{"start":{"line":7,"column":476},"end":{"line":7,"column":536}},"type":"if","locations":[{"start":{"line":7,"column":476},"end":{"line":7,"column":536}},{"start":{"line":7,"column":476},"end":{"line":7,"column":536}}],"line":7},"4":{"loc":{"start":{"line":15,"column":46},"end":{"line":15,"column":92}},"type":"cond-expr","locations":[{"start":{"line":15,"column":70},"end":{"line":15,"column":73}},{"start":{"line":15,"column":76},"end":{"line":15,"column":92}}],"line":15},"5":{"loc":{"start":{"line":15,"column":46},"end":{"line":15,"column":67}},"type":"binary-expr","locations":[{"start":{"line":15,"column":46},"end":{"line":15,"column":49}},{"start":{"line":15,"column":53},"end":{"line":15,"column":67}}],"line":15},"6":{"loc":{"start":{"line":17,"column":50},"end":{"line":17,"column":151}},"type":"if","locations":[{"start":{"line":17,"column":50},"end":{"line":17,"column":151}},{"start":{"line":17,"column":50},"end":{"line":17,"column":151}}],"line":17},"7":{"loc":{"start":{"line":55,"column":8},"end":{"line":60,"column":9}},"type":"if","locations":[{"start":{"line":55,"column":8},"end":{"line":60,"column":9}},{"start":{"line":55,"column":8},"end":{"line":60,"column":9}}],"line":55},"8":{"loc":{"start":{"line":62,"column":8},"end":{"line":68,"column":9}},"type":"if","locations":[{"start":{"line":62,"column":8},"end":{"line":68,"column":9}},{"start":{"line":62,"column":8},"end":{"line":68,"column":9}}],"line":62},"9":{"loc":{"start":{"line":81,"column":8},"end":{"line":83,"column":9}},"type":"if","locations":[{"start":{"line":81,"column":8},"end":{"line":83,"column":9}},{"start":{"line":81,"column":8},"end":{"line":83,"column":9}}],"line":81},"10":{"loc":{"start":{"line":85,"column":8},"end":{"line":88,"column":9}},"type":"if","locations":[{"start":{"line":85,"column":8},"end":{"line":88,"column":9}},{"start":{"line":85,"column":8},"end":{"line":88,"column":9}}],"line":85},"11":{"loc":{"start":{"line":102,"column":8},"end":{"line":104,"column":9}},"type":"if","locations":[{"start":{"line":102,"column":8},"end":{"line":104,"column":9}},{"start":{"line":102,"column":8},"end":{"line":104,"column":9}}],"line":102},"12":{"loc":{"start":{"line":106,"column":8},"end":{"line":112,"column":9}},"type":"if","locations":[{"start":{"line":106,"column":8},"end":{"line":112,"column":9}},{"start":{"line":106,"column":8},"end":{"line":112,"column":9}}],"line":106}},"s":{"0":1,"1":1,"2":1,"3":3,"4":3,"5":3,"6":3,"7":3,"8":3,"9":1,"10":1,"11":0,"12":1,"13":1,"14":1,"15":1,"16":1,"17":1,"18":1,"19":0,"20":0,"21":1,"22":0,"23":1,"24":1,"25":1,"26":1,"27":1,"28":1,"29":1,"30":1,"31":1,"32":0,"33":1,"34":1,"35":0,"36":1,"37":1,"38":1,"39":0,"40":1,"41":1,"42":1,"43":0,"44":2,"45":2,"46":2,"47":2,"48":0,"49":2,"50":1,"51":1,"52":1,"53":1,"54":1},"f":{"0":1,"1":1,"2":1,"3":1,"4":0,"5":1,"6":0,"7":1,"8":1,"9":1,"10":1,"11":2,"12":2},"b":{"0":[3,3],"1":[3,0],"2":[0,1],"3":[1,0],"4":[1,0],"5":[1,1],"6":[0,0],"7":[0,1],"8":[1,0],"9":[0,1],"10":[1,0],"11":[0,2],"12":[1,1]},"_coverageSchema":"43e27e138ebf9cfc5966b082cf9a028302ed4184","hash":"f311cbc19c8350b40bf471c9350429881e593477","contentHash":"73b17fe96162ed78d6ea50957a8a83c9"},"/home/sir_gregg/Desktop/Greg/Repositories/Projects/politico/server/controllers/VotesController.js":{"path":"/home/sir_gregg/Desktop/Greg/Repositories/Projects/politico/server/controllers/VotesController.js","statementMap":{"0":{"start":{"line":3,"column":0},"end":{"line":5,"column":3}},"1":{"start":{"line":7,"column":19},"end":{"line":7,"column":563}},"2":{"start":{"line":7,"column":76},"end":{"line":7,"column":347}},"3":{"start":{"line":7,"column":134},"end":{"line":7,"column":142}},"4":{"start":{"line":7,"column":144},"end":{"line":7,"column":199}},"5":{"start":{"line":7,"column":200},"end":{"line":7,"column":231}},"6":{"start":{"line":7,"column":232},"end":{"line":7,"column":286}},"7":{"start":{"line":7,"column":259},"end":{"line":7,"column":286}},"8":{"start":{"line":7,"column":287},"end":{"line":7,"column":345}},"9":{"start":{"line":7,"column":350},"end":{"line":7,"column":559}},"10":{"start":{"line":7,"column":407},"end":{"line":7,"column":475}},"11":{"start":{"line":7,"column":423},"end":{"line":7,"column":475}},"12":{"start":{"line":7,"column":476},"end":{"line":7,"column":536}},"13":{"start":{"line":7,"column":493},"end":{"line":7,"column":536}},"14":{"start":{"line":7,"column":537},"end":{"line":7,"column":556}},"15":{"start":{"line":9,"column":13},"end":{"line":9,"column":35}},"16":{"start":{"line":11,"column":14},"end":{"line":11,"column":44}},"17":{"start":{"line":13,"column":15},"end":{"line":13,"column":44}},"18":{"start":{"line":15,"column":39},"end":{"line":15,"column":93}},"19":{"start":{"line":17,"column":33},"end":{"line":17,"column":456}},"20":{"start":{"line":17,"column":64},"end":{"line":17,"column":89}},"21":{"start":{"line":17,"column":91},"end":{"line":17,"column":453}},"22":{"start":{"line":17,"column":165},"end":{"line":17,"column":263}},"23":{"start":{"line":17,"column":182},"end":{"line":17,"column":195}},"24":{"start":{"line":17,"column":209},"end":{"line":17,"column":219}},"25":{"start":{"line":17,"column":239},"end":{"line":17,"column":253}},"26":{"start":{"line":17,"column":254},"end":{"line":17,"column":261}},"27":{"start":{"line":17,"column":264},"end":{"line":17,"column":426}},"28":{"start":{"line":17,"column":281},"end":{"line":17,"column":296}},"29":{"start":{"line":17,"column":306},"end":{"line":17,"column":424}},"30":{"start":{"line":17,"column":360},"end":{"line":17,"column":380}},"31":{"start":{"line":17,"column":401},"end":{"line":17,"column":420}},"32":{"start":{"line":17,"column":429},"end":{"line":17,"column":449}},"33":{"start":{"line":19,"column":50},"end":{"line":19,"column":151}},"34":{"start":{"line":19,"column":92},"end":{"line":19,"column":149}},"35":{"start":{"line":27,"column":22},"end":{"line":173,"column":3}},"36":{"start":{"line":29,"column":4},"end":{"line":29,"column":43}},"37":{"start":{"line":32,"column":2},"end":{"line":170,"column":6}},"38":{"start":{"line":45,"column":19},"end":{"line":45,"column":36}},"39":{"start":{"line":47,"column":26},"end":{"line":47,"column":38}},"40":{"start":{"line":48,"column":21},"end":{"line":48,"column":43}},"41":{"start":{"line":49,"column":20},"end":{"line":49,"column":41}},"42":{"start":{"line":52,"column":29},"end":{"line":52,"column":99}},"43":{"start":{"line":54,"column":25},"end":{"line":54,"column":52}},"44":{"start":{"line":56,"column":6},"end":{"line":66,"column":9}},"45":{"start":{"line":57,"column":8},"end":{"line":59,"column":9}},"46":{"start":{"line":58,"column":10},"end":{"line":58,"column":84}},"47":{"start":{"line":61,"column":8},"end":{"line":63,"column":9}},"48":{"start":{"line":62,"column":10},"end":{"line":62,"column":98}},"49":{"start":{"line":65,"column":8},"end":{"line":65,"column":70}},"50":{"start":{"line":82,"column":27},"end":{"line":82,"column":39}},"51":{"start":{"line":83,"column":21},"end":{"line":83,"column":44}},"52":{"start":{"line":84,"column":20},"end":{"line":84,"column":42}},"53":{"start":{"line":85,"column":24},"end":{"line":85,"column":50}},"54":{"start":{"line":88,"column":23},"end":{"line":88,"column":93}},"55":{"start":{"line":90,"column":25},"end":{"line":90,"column":57}},"56":{"start":{"line":92,"column":6},"end":{"line":102,"column":9}},"57":{"start":{"line":93,"column":8},"end":{"line":95,"column":9}},"58":{"start":{"line":94,"column":10},"end":{"line":94,"column":80}},"59":{"start":{"line":97,"column":8},"end":{"line":99,"column":9}},"60":{"start":{"line":98,"column":10},"end":{"line":98,"column":93}},"61":{"start":{"line":101,"column":8},"end":{"line":101,"column":90}},"62":{"start":{"line":118,"column":17},"end":{"line":162,"column":9}},"63":{"start":{"line":121,"column":8},"end":{"line":161,"column":37}},"64":{"start":{"line":122,"column":10},"end":{"line":160,"column":11}},"65":{"start":{"line":123,"column":12},"end":{"line":159,"column":13}},"66":{"start":{"line":125,"column":16},"end":{"line":125,"column":320}},"67":{"start":{"line":126,"column":16},"end":{"line":126,"column":41}},"68":{"start":{"line":127,"column":16},"end":{"line":127,"column":34}},"69":{"start":{"line":128,"column":16},"end":{"line":128,"column":34}},"70":{"start":{"line":129,"column":16},"end":{"line":129,"column":61}},"71":{"start":{"line":132,"column":16},"end":{"line":132,"column":38}},"72":{"start":{"line":133,"column":16},"end":{"line":133,"column":34}},"73":{"start":{"line":135,"column":16},"end":{"line":138,"column":17}},"74":{"start":{"line":136,"column":18},"end":{"line":136,"column":36}},"75":{"start":{"line":137,"column":18},"end":{"line":137,"column":24}},"76":{"start":{"line":140,"column":16},"end":{"line":140,"column":131}},"77":{"start":{"line":143,"column":16},"end":{"line":149,"column":20}},"78":{"start":{"line":152,"column":16},"end":{"line":152,"column":35}},"79":{"start":{"line":153,"column":16},"end":{"line":153,"column":51}},"80":{"start":{"line":154,"column":16},"end":{"line":154,"column":128}},"81":{"start":{"line":158,"column":16},"end":{"line":158,"column":39}},"82":{"start":{"line":165,"column":8},"end":{"line":165,"column":43}},"83":{"start":{"line":168,"column":6},"end":{"line":168,"column":24}},"84":{"start":{"line":172,"column":2},"end":{"line":172,"column":25}},"85":{"start":{"line":175,"column":0},"end":{"line":175,"column":34}}},"fnMap":{"0":{"name":"(anonymous_0)","decl":{"start":{"line":7,"column":19},"end":{"line":7,"column":20}},"loc":{"start":{"line":7,"column":31},"end":{"line":7,"column":561}},"line":7},"1":{"name":"defineProperties","decl":{"start":{"line":7,"column":42},"end":{"line":7,"column":58}},"loc":{"start":{"line":7,"column":74},"end":{"line":7,"column":349}},"line":7},"2":{"name":"(anonymous_2)","decl":{"start":{"line":7,"column":357},"end":{"line":7,"column":358}},"loc":{"start":{"line":7,"column":405},"end":{"line":7,"column":558}},"line":7},"3":{"name":"_interopRequireDefault","decl":{"start":{"line":15,"column":9},"end":{"line":15,"column":31}},"loc":{"start":{"line":15,"column":37},"end":{"line":15,"column":95}},"line":15},"4":{"name":"_asyncToGenerator","decl":{"start":{"line":17,"column":9},"end":{"line":17,"column":26}},"loc":{"start":{"line":17,"column":31},"end":{"line":17,"column":458}},"line":17},"5":{"name":"(anonymous_5)","decl":{"start":{"line":17,"column":40},"end":{"line":17,"column":41}},"loc":{"start":{"line":17,"column":52},"end":{"line":17,"column":455}},"line":17},"6":{"name":"(anonymous_6)","decl":{"start":{"line":17,"column":110},"end":{"line":17,"column":111}},"loc":{"start":{"line":17,"column":137},"end":{"line":17,"column":451}},"line":17},"7":{"name":"step","decl":{"start":{"line":17,"column":148},"end":{"line":17,"column":152}},"loc":{"start":{"line":17,"column":163},"end":{"line":17,"column":428}},"line":17},"8":{"name":"(anonymous_8)","decl":{"start":{"line":17,"column":341},"end":{"line":17,"column":342}},"loc":{"start":{"line":17,"column":358},"end":{"line":17,"column":382}},"line":17},"9":{"name":"(anonymous_9)","decl":{"start":{"line":17,"column":384},"end":{"line":17,"column":385}},"loc":{"start":{"line":17,"column":399},"end":{"line":17,"column":422}},"line":17},"10":{"name":"_classCallCheck","decl":{"start":{"line":19,"column":9},"end":{"line":19,"column":24}},"loc":{"start":{"line":19,"column":48},"end":{"line":19,"column":153}},"line":19},"11":{"name":"(anonymous_11)","decl":{"start":{"line":27,"column":22},"end":{"line":27,"column":23}},"loc":{"start":{"line":27,"column":34},"end":{"line":173,"column":1}},"line":27},"12":{"name":"VotesController","decl":{"start":{"line":28,"column":11},"end":{"line":28,"column":26}},"loc":{"start":{"line":28,"column":29},"end":{"line":30,"column":3}},"line":28},"13":{"name":"candidates","decl":{"start":{"line":44,"column":20},"end":{"line":44,"column":30}},"loc":{"start":{"line":44,"column":50},"end":{"line":67,"column":5}},"line":44},"14":{"name":"(anonymous_14)","decl":{"start":{"line":56,"column":60},"end":{"line":56,"column":61}},"loc":{"start":{"line":56,"column":83},"end":{"line":66,"column":7}},"line":56},"15":{"name":"votes","decl":{"start":{"line":81,"column":20},"end":{"line":81,"column":25}},"loc":{"start":{"line":81,"column":45},"end":{"line":103,"column":5}},"line":81},"16":{"name":"(anonymous_16)","decl":{"start":{"line":92,"column":54},"end":{"line":92,"column":55}},"loc":{"start":{"line":92,"column":77},"end":{"line":102,"column":7}},"line":92},"17":{"name":"(anonymous_17)","decl":{"start":{"line":117,"column":11},"end":{"line":117,"column":12}},"loc":{"start":{"line":117,"column":23},"end":{"line":169,"column":5}},"line":117},"18":{"name":"_callee","decl":{"start":{"line":118,"column":82},"end":{"line":118,"column":89}},"loc":{"start":{"line":118,"column":109},"end":{"line":162,"column":7}},"line":118},"19":{"name":"_callee$","decl":{"start":{"line":121,"column":48},"end":{"line":121,"column":56}},"loc":{"start":{"line":121,"column":67},"end":{"line":161,"column":9}},"line":121},"20":{"name":"totalVotes","decl":{"start":{"line":164,"column":15},"end":{"line":164,"column":25}},"loc":{"start":{"line":164,"column":35},"end":{"line":166,"column":7}},"line":164}},"branchMap":{"0":{"loc":{"start":{"line":7,"column":168},"end":{"line":7,"column":198}},"type":"binary-expr","locations":[{"start":{"line":7,"column":168},"end":{"line":7,"column":189}},{"start":{"line":7,"column":193},"end":{"line":7,"column":198}}],"line":7},"1":{"loc":{"start":{"line":7,"column":232},"end":{"line":7,"column":286}},"type":"if","locations":[{"start":{"line":7,"column":232},"end":{"line":7,"column":286}},{"start":{"line":7,"column":232},"end":{"line":7,"column":286}}],"line":7},"2":{"loc":{"start":{"line":7,"column":407},"end":{"line":7,"column":475}},"type":"if","locations":[{"start":{"line":7,"column":407},"end":{"line":7,"column":475}},{"start":{"line":7,"column":407},"end":{"line":7,"column":475}}],"line":7},"3":{"loc":{"start":{"line":7,"column":476},"end":{"line":7,"column":536}},"type":"if","locations":[{"start":{"line":7,"column":476},"end":{"line":7,"column":536}},{"start":{"line":7,"column":476},"end":{"line":7,"column":536}}],"line":7},"4":{"loc":{"start":{"line":15,"column":46},"end":{"line":15,"column":92}},"type":"cond-expr","locations":[{"start":{"line":15,"column":70},"end":{"line":15,"column":73}},{"start":{"line":15,"column":76},"end":{"line":15,"column":92}}],"line":15},"5":{"loc":{"start":{"line":15,"column":46},"end":{"line":15,"column":67}},"type":"binary-expr","locations":[{"start":{"line":15,"column":46},"end":{"line":15,"column":49}},{"start":{"line":15,"column":53},"end":{"line":15,"column":67}}],"line":15},"6":{"loc":{"start":{"line":17,"column":264},"end":{"line":17,"column":426}},"type":"if","locations":[{"start":{"line":17,"column":264},"end":{"line":17,"column":426}},{"start":{"line":17,"column":264},"end":{"line":17,"column":426}}],"line":17},"7":{"loc":{"start":{"line":19,"column":50},"end":{"line":19,"column":151}},"type":"if","locations":[{"start":{"line":19,"column":50},"end":{"line":19,"column":151}},{"start":{"line":19,"column":50},"end":{"line":19,"column":151}}],"line":19},"8":{"loc":{"start":{"line":57,"column":8},"end":{"line":59,"column":9}},"type":"if","locations":[{"start":{"line":57,"column":8},"end":{"line":59,"column":9}},{"start":{"line":57,"column":8},"end":{"line":59,"column":9}}],"line":57},"9":{"loc":{"start":{"line":61,"column":8},"end":{"line":63,"column":9}},"type":"if","locations":[{"start":{"line":61,"column":8},"end":{"line":63,"column":9}},{"start":{"line":61,"column":8},"end":{"line":63,"column":9}}],"line":61},"10":{"loc":{"start":{"line":93,"column":8},"end":{"line":95,"column":9}},"type":"if","locations":[{"start":{"line":93,"column":8},"end":{"line":95,"column":9}},{"start":{"line":93,"column":8},"end":{"line":95,"column":9}}],"line":93},"11":{"loc":{"start":{"line":97,"column":8},"end":{"line":99,"column":9}},"type":"if","locations":[{"start":{"line":97,"column":8},"end":{"line":99,"column":9}},{"start":{"line":97,"column":8},"end":{"line":99,"column":9}}],"line":97},"12":{"loc":{"start":{"line":123,"column":12},"end":{"line":159,"column":13}},"type":"switch","locations":[{"start":{"line":124,"column":14},"end":{"line":129,"column":61}},{"start":{"line":131,"column":14},"end":{"line":140,"column":131}},{"start":{"line":142,"column":14},"end":{"line":149,"column":20}},{"start":{"line":151,"column":14},"end":{"line":154,"column":128}},{"start":{"line":156,"column":14},"end":{"line":156,"column":22}},{"start":{"line":157,"column":14},"end":{"line":158,"column":39}}],"line":123},"13":{"loc":{"start":{"line":135,"column":16},"end":{"line":138,"column":17}},"type":"if","locations":[{"start":{"line":135,"column":16},"end":{"line":138,"column":17}},{"start":{"line":135,"column":16},"end":{"line":138,"column":17}}],"line":135}},"s":{"0":1,"1":1,"2":1,"3":3,"4":3,"5":3,"6":3,"7":3,"8":3,"9":1,"10":1,"11":0,"12":1,"13":1,"14":1,"15":1,"16":1,"17":1,"18":1,"19":1,"20":0,"21":0,"22":0,"23":0,"24":0,"25":0,"26":0,"27":0,"28":0,"29":0,"30":0,"31":0,"32":0,"33":0,"34":0,"35":1,"36":0,"37":1,"38":0,"39":0,"40":0,"41":0,"42":0,"43":0,"44":0,"45":0,"46":0,"47":0,"48":0,"49":0,"50":0,"51":0,"52":0,"53":0,"54":0,"55":0,"56":0,"57":0,"58":0,"59":0,"60":0,"61":0,"62":1,"63":0,"64":0,"65":0,"66":0,"67":0,"68":0,"69":0,"70":0,"71":0,"72":0,"73":0,"74":0,"75":0,"76":0,"77":0,"78":0,"79":0,"80":0,"81":0,"82":0,"83":1,"84":1,"85":1},"f":{"0":1,"1":1,"2":1,"3":1,"4":1,"5":0,"6":0,"7":0,"8":0,"9":0,"10":0,"11":1,"12":0,"13":0,"14":0,"15":0,"16":0,"17":1,"18":0,"19":0,"20":0},"b":{"0":[3,3],"1":[3,0],"2":[0,1],"3":[1,0],"4":[1,0],"5":[1,1],"6":[0,0],"7":[0,0],"8":[0,0],"9":[0,0],"10":[0,0],"11":[0,0],"12":[0,0,0,0,0,0],"13":[0,0]},"_coverageSchema":"43e27e138ebf9cfc5966b082cf9a028302ed4184","hash":"20ec42eff7c1d8ece21ef29692f75ad363f21df5","contentHash":"b79648990be36f5fcfd7a43a99333ac3"},"/home/sir_gregg/Desktop/Greg/Repositories/Projects/politico/server/middleware/AuthCheck.js":{"path":"/home/sir_gregg/Desktop/Greg/Repositories/Projects/politico/server/middleware/AuthCheck.js","statementMap":{"0":{"start":{"line":3,"column":0},"end":{"line":5,"column":3}},"1":{"start":{"line":7,"column":20},"end":{"line":7,"column":43}},"2":{"start":{"line":9,"column":21},"end":{"line":9,"column":58}},"3":{"start":{"line":11,"column":15},"end":{"line":11,"column":44}},"4":{"start":{"line":13,"column":39},"end":{"line":13,"column":93}},"5":{"start":{"line":15,"column":14},"end":{"line":30,"column":1}},"6":{"start":{"line":16,"column":2},"end":{"line":27,"column":3}},"7":{"start":{"line":17,"column":19},"end":{"line":17,"column":62}},"8":{"start":{"line":18,"column":18},"end":{"line":18,"column":57}},"9":{"start":{"line":20,"column":4},"end":{"line":22,"column":5}},"10":{"start":{"line":21,"column":6},"end":{"line":21,"column":81}},"11":{"start":{"line":24,"column":4},"end":{"line":24,"column":11}},"12":{"start":{"line":26,"column":4},"end":{"line":26,"column":68}},"13":{"start":{"line":29,"column":2},"end":{"line":29,"column":14}},"14":{"start":{"line":32,"column":0},"end":{"line":32,"column":26}}},"fnMap":{"0":{"name":"_interopRequireDefault","decl":{"start":{"line":13,"column":9},"end":{"line":13,"column":31}},"loc":{"start":{"line":13,"column":37},"end":{"line":13,"column":95}},"line":13},"1":{"name":"isAdmin","decl":{"start":{"line":15,"column":23},"end":{"line":15,"column":30}},"loc":{"start":{"line":15,"column":56},"end":{"line":30,"column":1}},"line":15}},"branchMap":{"0":{"loc":{"start":{"line":13,"column":46},"end":{"line":13,"column":92}},"type":"cond-expr","locations":[{"start":{"line":13,"column":70},"end":{"line":13,"column":73}},{"start":{"line":13,"column":76},"end":{"line":13,"column":92}}],"line":13},"1":{"loc":{"start":{"line":13,"column":46},"end":{"line":13,"column":67}},"type":"binary-expr","locations":[{"start":{"line":13,"column":46},"end":{"line":13,"column":49}},{"start":{"line":13,"column":53},"end":{"line":13,"column":67}}],"line":13},"2":{"loc":{"start":{"line":20,"column":4},"end":{"line":22,"column":5}},"type":"if","locations":[{"start":{"line":20,"column":4},"end":{"line":22,"column":5}},{"start":{"line":20,"column":4},"end":{"line":22,"column":5}}],"line":20}},"s":{"0":1,"1":1,"2":1,"3":1,"4":1,"5":1,"6":20,"7":20,"8":17,"9":17,"10":3,"11":14,"12":3,"13":14,"14":1},"f":{"0":1,"1":20},"b":{"0":[0,1],"1":[1,1],"2":[3,14]},"_coverageSchema":"43e27e138ebf9cfc5966b082cf9a028302ed4184","hash":"bdc1b196ed0db4c31a8ba843a32d55a45acf8e5f","contentHash":"e9a693105f9722a55bfda01d91657468"},"/home/sir_gregg/Desktop/Greg/Repositories/Projects/politico/server/middleware/validation/PartyValidation.js":{"path":"/home/sir_gregg/Desktop/Greg/Repositories/Projects/politico/server/middleware/validation/PartyValidation.js","statementMap":{"0":{"start":{"line":3,"column":0},"end":{"line":5,"column":3}},"1":{"start":{"line":7,"column":19},"end":{"line":7,"column":563}},"2":{"start":{"line":7,"column":76},"end":{"line":7,"column":347}},"3":{"start":{"line":7,"column":134},"end":{"line":7,"column":142}},"4":{"start":{"line":7,"column":144},"end":{"line":7,"column":199}},"5":{"start":{"line":7,"column":200},"end":{"line":7,"column":231}},"6":{"start":{"line":7,"column":232},"end":{"line":7,"column":286}},"7":{"start":{"line":7,"column":259},"end":{"line":7,"column":286}},"8":{"start":{"line":7,"column":287},"end":{"line":7,"column":345}},"9":{"start":{"line":7,"column":350},"end":{"line":7,"column":559}},"10":{"start":{"line":7,"column":407},"end":{"line":7,"column":475}},"11":{"start":{"line":7,"column":423},"end":{"line":7,"column":475}},"12":{"start":{"line":7,"column":476},"end":{"line":7,"column":536}},"13":{"start":{"line":7,"column":493},"end":{"line":7,"column":536}},"14":{"start":{"line":7,"column":537},"end":{"line":7,"column":556}},"15":{"start":{"line":9,"column":15},"end":{"line":9,"column":47}},"16":{"start":{"line":11,"column":50},"end":{"line":11,"column":151}},"17":{"start":{"line":11,"column":92},"end":{"line":11,"column":149}},"18":{"start":{"line":13,"column":22},"end":{"line":77,"column":3}},"19":{"start":{"line":15,"column":4},"end":{"line":15,"column":43}},"20":{"start":{"line":18,"column":2},"end":{"line":74,"column":6}},"21":{"start":{"line":21,"column":26},"end":{"line":21,"column":38}},"22":{"start":{"line":22,"column":22},"end":{"line":22,"column":45}},"23":{"start":{"line":23,"column":22},"end":{"line":23,"column":45}},"24":{"start":{"line":26,"column":6},"end":{"line":28,"column":7}},"25":{"start":{"line":27,"column":8},"end":{"line":27,"column":90}},"26":{"start":{"line":30,"column":6},"end":{"line":32,"column":7}},"27":{"start":{"line":31,"column":8},"end":{"line":31,"column":89}},"28":{"start":{"line":34,"column":6},"end":{"line":36,"column":7}},"29":{"start":{"line":35,"column":8},"end":{"line":35,"column":94}},"30":{"start":{"line":38,"column":6},"end":{"line":38,"column":13}},"31":{"start":{"line":40,"column":6},"end":{"line":40,"column":18}},"32":{"start":{"line":45,"column":22},"end":{"line":45,"column":44}},"33":{"start":{"line":48,"column":6},"end":{"line":50,"column":7}},"34":{"start":{"line":49,"column":8},"end":{"line":49,"column":90}},"35":{"start":{"line":52,"column":6},"end":{"line":54,"column":7}},"36":{"start":{"line":53,"column":8},"end":{"line":53,"column":94}},"37":{"start":{"line":56,"column":6},"end":{"line":56,"column":13}},"38":{"start":{"line":58,"column":6},"end":{"line":58,"column":18}},"39":{"start":{"line":63,"column":15},"end":{"line":63,"column":32}},"40":{"start":{"line":66,"column":20},"end":{"line":66,"column":47}},"41":{"start":{"line":68,"column":6},"end":{"line":70,"column":7}},"42":{"start":{"line":69,"column":8},"end":{"line":69,"column":99}},"43":{"start":{"line":72,"column":6},"end":{"line":72,"column":20}},"44":{"start":{"line":76,"column":2},"end":{"line":76,"column":25}},"45":{"start":{"line":79,"column":0},"end":{"line":79,"column":34}}},"fnMap":{"0":{"name":"(anonymous_0)","decl":{"start":{"line":7,"column":19},"end":{"line":7,"column":20}},"loc":{"start":{"line":7,"column":31},"end":{"line":7,"column":561}},"line":7},"1":{"name":"defineProperties","decl":{"start":{"line":7,"column":42},"end":{"line":7,"column":58}},"loc":{"start":{"line":7,"column":74},"end":{"line":7,"column":349}},"line":7},"2":{"name":"(anonymous_2)","decl":{"start":{"line":7,"column":357},"end":{"line":7,"column":358}},"loc":{"start":{"line":7,"column":405},"end":{"line":7,"column":558}},"line":7},"3":{"name":"_classCallCheck","decl":{"start":{"line":11,"column":9},"end":{"line":11,"column":24}},"loc":{"start":{"line":11,"column":48},"end":{"line":11,"column":153}},"line":11},"4":{"name":"(anonymous_4)","decl":{"start":{"line":13,"column":22},"end":{"line":13,"column":23}},"loc":{"start":{"line":13,"column":34},"end":{"line":77,"column":1}},"line":13},"5":{"name":"PartyValidation","decl":{"start":{"line":14,"column":11},"end":{"line":14,"column":26}},"loc":{"start":{"line":14,"column":29},"end":{"line":16,"column":3}},"line":14},"6":{"name":"isCreatePartyValid","decl":{"start":{"line":20,"column":20},"end":{"line":20,"column":38}},"loc":{"start":{"line":20,"column":64},"end":{"line":41,"column":5}},"line":20},"7":{"name":"isUpdateParty","decl":{"start":{"line":44,"column":20},"end":{"line":44,"column":33}},"loc":{"start":{"line":44,"column":59},"end":{"line":59,"column":5}},"line":44},"8":{"name":"isIdAnInteger","decl":{"start":{"line":62,"column":20},"end":{"line":62,"column":33}},"loc":{"start":{"line":62,"column":59},"end":{"line":73,"column":5}},"line":62}},"branchMap":{"0":{"loc":{"start":{"line":7,"column":168},"end":{"line":7,"column":198}},"type":"binary-expr","locations":[{"start":{"line":7,"column":168},"end":{"line":7,"column":189}},{"start":{"line":7,"column":193},"end":{"line":7,"column":198}}],"line":7},"1":{"loc":{"start":{"line":7,"column":232},"end":{"line":7,"column":286}},"type":"if","locations":[{"start":{"line":7,"column":232},"end":{"line":7,"column":286}},{"start":{"line":7,"column":232},"end":{"line":7,"column":286}}],"line":7},"2":{"loc":{"start":{"line":7,"column":407},"end":{"line":7,"column":475}},"type":"if","locations":[{"start":{"line":7,"column":407},"end":{"line":7,"column":475}},{"start":{"line":7,"column":407},"end":{"line":7,"column":475}}],"line":7},"3":{"loc":{"start":{"line":7,"column":476},"end":{"line":7,"column":536}},"type":"if","locations":[{"start":{"line":7,"column":476},"end":{"line":7,"column":536}},{"start":{"line":7,"column":476},"end":{"line":7,"column":536}}],"line":7},"4":{"loc":{"start":{"line":11,"column":50},"end":{"line":11,"column":151}},"type":"if","locations":[{"start":{"line":11,"column":50},"end":{"line":11,"column":151}},{"start":{"line":11,"column":50},"end":{"line":11,"column":151}}],"line":11},"5":{"loc":{"start":{"line":26,"column":6},"end":{"line":28,"column":7}},"type":"if","locations":[{"start":{"line":26,"column":6},"end":{"line":28,"column":7}},{"start":{"line":26,"column":6},"end":{"line":28,"column":7}}],"line":26},"6":{"loc":{"start":{"line":26,"column":10},"end":{"line":26,"column":40}},"type":"binary-expr","locations":[{"start":{"line":26,"column":10},"end":{"line":26,"column":26}},{"start":{"line":26,"column":30},"end":{"line":26,"column":40}}],"line":26},"7":{"loc":{"start":{"line":30,"column":6},"end":{"line":32,"column":7}},"type":"if","locations":[{"start":{"line":30,"column":6},"end":{"line":32,"column":7}},{"start":{"line":30,"column":6},"end":{"line":32,"column":7}}],"line":30},"8":{"loc":{"start":{"line":30,"column":10},"end":{"line":30,"column":40}},"type":"binary-expr","locations":[{"start":{"line":30,"column":10},"end":{"line":30,"column":26}},{"start":{"line":30,"column":30},"end":{"line":30,"column":40}}],"line":30},"9":{"loc":{"start":{"line":34,"column":6},"end":{"line":36,"column":7}},"type":"if","locations":[{"start":{"line":34,"column":6},"end":{"line":36,"column":7}},{"start":{"line":34,"column":6},"end":{"line":36,"column":7}}],"line":34},"10":{"loc":{"start":{"line":48,"column":6},"end":{"line":50,"column":7}},"type":"if","locations":[{"start":{"line":48,"column":6},"end":{"line":50,"column":7}},{"start":{"line":48,"column":6},"end":{"line":50,"column":7}}],"line":48},"11":{"loc":{"start":{"line":48,"column":10},"end":{"line":48,"column":40}},"type":"binary-expr","locations":[{"start":{"line":48,"column":10},"end":{"line":48,"column":26}},{"start":{"line":48,"column":30},"end":{"line":48,"column":40}}],"line":48},"12":{"loc":{"start":{"line":52,"column":6},"end":{"line":54,"column":7}},"type":"if","locations":[{"start":{"line":52,"column":6},"end":{"line":54,"column":7}},{"start":{"line":52,"column":6},"end":{"line":54,"column":7}}],"line":52},"13":{"loc":{"start":{"line":68,"column":6},"end":{"line":70,"column":7}},"type":"if","locations":[{"start":{"line":68,"column":6},"end":{"line":70,"column":7}},{"start":{"line":68,"column":6},"end":{"line":70,"column":7}}],"line":68}},"s":{"0":1,"1":1,"2":1,"3":3,"4":3,"5":3,"6":3,"7":3,"8":3,"9":1,"10":1,"11":0,"12":1,"13":1,"14":1,"15":1,"16":0,"17":0,"18":1,"19":0,"20":1,"21":6,"22":6,"23":6,"24":6,"25":2,"26":4,"27":2,"28":2,"29":1,"30":1,"31":1,"32":3,"33":3,"34":1,"35":2,"36":0,"37":2,"38":2,"39":13,"40":13,"41":13,"42":4,"43":9,"44":1,"45":1},"f":{"0":1,"1":1,"2":1,"3":0,"4":1,"5":0,"6":6,"7":3,"8":13},"b":{"0":[3,3],"1":[3,0],"2":[0,1],"3":[1,0],"4":[0,0],"5":[2,4],"6":[6,5],"7":[2,2],"8":[4,3],"9":[1,1],"10":[1,2],"11":[3,2],"12":[0,2],"13":[4,9]},"_coverageSchema":"43e27e138ebf9cfc5966b082cf9a028302ed4184","hash":"6a78e81973602b138c7dcd0f6b61a6d5943d0f01","contentHash":"eca4d385c0846c0a5eff75594c55ff65"},"/home/sir_gregg/Desktop/Greg/Repositories/Projects/politico/server/middleware/validation/OfficeValidation.js":{"path":"/home/sir_gregg/Desktop/Greg/Repositories/Projects/politico/server/middleware/validation/OfficeValidation.js","statementMap":{"0":{"start":{"line":3,"column":0},"end":{"line":5,"column":3}},"1":{"start":{"line":7,"column":19},"end":{"line":7,"column":563}},"2":{"start":{"line":7,"column":76},"end":{"line":7,"column":347}},"3":{"start":{"line":7,"column":134},"end":{"line":7,"column":142}},"4":{"start":{"line":7,"column":144},"end":{"line":7,"column":199}},"5":{"start":{"line":7,"column":200},"end":{"line":7,"column":231}},"6":{"start":{"line":7,"column":232},"end":{"line":7,"column":286}},"7":{"start":{"line":7,"column":259},"end":{"line":7,"column":286}},"8":{"start":{"line":7,"column":287},"end":{"line":7,"column":345}},"9":{"start":{"line":7,"column":350},"end":{"line":7,"column":559}},"10":{"start":{"line":7,"column":407},"end":{"line":7,"column":475}},"11":{"start":{"line":7,"column":423},"end":{"line":7,"column":475}},"12":{"start":{"line":7,"column":476},"end":{"line":7,"column":536}},"13":{"start":{"line":7,"column":493},"end":{"line":7,"column":536}},"14":{"start":{"line":7,"column":537},"end":{"line":7,"column":556}},"15":{"start":{"line":9,"column":15},"end":{"line":9,"column":47}},"16":{"start":{"line":11,"column":50},"end":{"line":11,"column":151}},"17":{"start":{"line":11,"column":92},"end":{"line":11,"column":149}},"18":{"start":{"line":13,"column":23},"end":{"line":45,"column":3}},"19":{"start":{"line":15,"column":4},"end":{"line":15,"column":44}},"20":{"start":{"line":18,"column":2},"end":{"line":42,"column":6}},"21":{"start":{"line":21,"column":26},"end":{"line":21,"column":38}},"22":{"start":{"line":22,"column":23},"end":{"line":22,"column":47}},"23":{"start":{"line":23,"column":17},"end":{"line":23,"column":35}},"24":{"start":{"line":26,"column":6},"end":{"line":28,"column":7}},"25":{"start":{"line":27,"column":8},"end":{"line":27,"column":91}},"26":{"start":{"line":30,"column":6},"end":{"line":32,"column":7}},"27":{"start":{"line":31,"column":8},"end":{"line":31,"column":84}},"28":{"start":{"line":34,"column":6},"end":{"line":36,"column":7}},"29":{"start":{"line":35,"column":8},"end":{"line":35,"column":96}},"30":{"start":{"line":38,"column":6},"end":{"line":38,"column":13}},"31":{"start":{"line":40,"column":6},"end":{"line":40,"column":18}},"32":{"start":{"line":44,"column":2},"end"
[...]
[0,1],"3":[1,0],"4":[0,0],"5":[0,1],"6":[1,1],"7":[0,1],"8":[1,1],"9":[0,1]},"_coverageSchema":"43e27e138ebf9cfc5966b082cf9a028302ed4184","hash":"297e378c32ac10d87e59f66d8361f9b5e54fc11a","contentHash":"de756addad6f3ce8a124a6470f49de44"},"/home/sir_gregg/Desktop/Greg/Repositories/Projects/politico/server/middleware/validation/UserValidation.js":{"path":"/home/sir_gregg/Desktop/Greg/Repositories/Projects/politico/server/middleware/validation/UserValidation.js","statementMap":{"0":{"start":{"line":3,"column":0},"end":{"line":5,"column":3}},"1":{"start":{"line":7,"column":19},"end":{"line":7,"column":563}},"2":{"start":{"line":7,"column":76},"end":{"line":7,"column":347}},"3":{"start":{"line":7,"column":134},"end":{"line":7,"column":142}},"4":{"start":{"line":7,"column":144},"end":{"line":7,"column":199}},"5":{"start":{"line":7,"column":200},"end":{"line":7,"column":231}},"6":{"start":{"line":7,"column":232},"end":{"line":7,"column":286}},"7":{"start":{"line":7,"column":259},"end":{"line":7,"column":286}},"8":{"start":{"line":7,"column":287},"end":{"line":7,"column":345}},"9":{"start":{"line":7,"column":350},"end":{"line":7,"column":559}},"10":{"start":{"line":7,"column":407},"end":{"line":7,"column":475}},"11":{"start":{"line":7,"column":423},"end":{"line":7,"column":475}},"12":{"start":{"line":7,"column":476},"end":{"line":7,"column":536}},"13":{"start":{"line":7,"column":493},"end":{"line":7,"column":536}},"14":{"start":{"line":7,"column":537},"end":{"line":7,"column":556}},"15":{"start":{"line":9,"column":15},"end":{"line":9,"column":47}},"16":{"start":{"line":11,"column":50},"end":{"line":11,"column":151}},"17":{"start":{"line":11,"column":92},"end":{"line":11,"column":149}},"18":{"start":{"line":13,"column":21},"end":{"line":117,"column":3}},"19":{"start":{"line":15,"column":4},"end":{"line":15,"column":42}},"20":{"start":{"line":18,"column":2},"end":{"line":114,"column":6}},"21":{"start":{"line":21,"column":26},"end":{"line":21,"column":38}},"22":{"start":{"line":22,"column":22},"end":{"line":22,"column":45}},"23":{"start":{"line":23,"column":21},"end":{"line":23,"column":43}},"24":{"start":{"line":24,"column":22},"end":{"line":24,"column":45}},"25":{"start":{"line":25,"column":18},"end":{"line":25,"column":37}},"26":{"start":{"line":26,"column":24},"end":{"line":26,"column":49}},"27":{"start":{"line":27,"column":21},"end":{"line":27,"column":43}},"28":{"start":{"line":30,"column":25},"end":{"line":30,"column":62}},"29":{"start":{"line":32,"column":6},"end":{"line":32,"column":68}},"30":{"start":{"line":34,"column":6},"end":{"line":36,"column":7}},"31":{"start":{"line":35,"column":8},"end":{"line":35,"column":94}},"32":{"start":{"line":38,"column":6},"end":{"line":40,"column":7}},"33":{"start":{"line":39,"column":8},"end":{"line":39,"column":88}},"34":{"start":{"line":42,"column":6},"end":{"line":44,"column":7}},"35":{"start":{"line":43,"column":8},"end":{"line":43,"column":89}},"36":{"start":{"line":46,"column":6},"end":{"line":48,"column":7}},"37":{"start":{"line":47,"column":8},"end":{"line":47,"column":81}},"38":{"start":{"line":50,"column":6},"end":{"line":52,"column":7}},"39":{"start":{"line":51,"column":8},"end":{"line":51,"column":85}},"40":{"start":{"line":54,"column":6},"end":{"line":56,"column":7}},"41":{"start":{"line":55,"column":8},"end":{"line":55,"column":91}},"42":{"start":{"line":58,"column":6},"end":{"line":60,"column":7}},"43":{"start":{"line":59,"column":8},"end":{"line":59,"column":88}},"44":{"start":{"line":62,"column":6},"end":{"line":64,"column":7}},"45":{"start":{"line":63,"column":8},"end":{"line":63,"column":94}},"46":{"start":{"line":66,"column":6},"end":{"line":68,"column":7}},"47":{"start":{"line":67,"column":8},"end":{"line":67,"column":93}},"48":{"start":{"line":70,"column":6},"end":{"line":72,"column":7}},"49":{"start":{"line":71,"column":8},"end":{"line":71,"column":94}},"50":{"start":{"line":74,"column":6},"end":{"line":76,"column":7}},"51":{"start":{"line":75,"column":8},"end":{"line":75,"column":96}},"52":{"start":{"line":78,"column":6},"end":{"line":80,"column":7}},"53":{"start":{"line":79,"column":8},"end":{"line":79,"column":115}},"54":{"start":{"line":82,"column":6},"end":{"line":82,"column":13}},"55":{"start":{"line":84,"column":6},"end":{"line":84,"column":18}},"56":{"start":{"line":89,"column":27},"end":{"line":89,"column":39}},"57":{"start":{"line":90,"column":18},"end":{"line":90,"column":38}},"58":{"start":{"line":91,"column":21},"end":{"line":91,"column":44}},"59":{"start":{"line":94,"column":25},"end":{"line":94,"column":62}},"60":{"start":{"line":96,"column":6},"end":{"line":96,"column":68}},"61":{"start":{"line":98,"column":6},"end":{"line":100,"column":7}},"62":{"start":{"line":99,"column":8},"end":{"line":99,"column":81}},"63":{"start":{"line":102,"column":6},"end":{"line":104,"column":7}},"64":{"start":{"line":103,"column":8},"end":{"line":103,"column":85}},"65":{"start":{"line":106,"column":6},"end":{"line":108,"column":7}},"66":{"start":{"line":107,"column":8},"end":{"line":107,"column":88}},"67":{"start":{"line":110,"column":6},"end":{"line":110,"column":13}},"68":{"start":{"line":112,"column":6},"end":{"line":112,"column":18}},"69":{"start":{"line":116,"column":2},"end":{"line":116,"column":24}},"70":{"start":{"line":119,"column":0},"end":{"line":119,"column":33}}},"fnMap":{"0":{"name":"(anonymous_0)","decl":{"start":{"line":7,"column":19},"end":{"line":7,"column":20}},"loc":{"start":{"line":7,"column":31},"end":{"line":7,"column":561}},"line":7},"1":{"name":"defineProperties","decl":{"start":{"line":7,"column":42},"end":{"line":7,"column":58}},"loc":{"start":{"line":7,"column":74},"end":{"line":7,"column":349}},"line":7},"2":{"name":"(anonymous_2)","decl":{"start":{"line":7,"column":357},"end":{"line":7,"column":358}},"loc":{"start":{"line":7,"column":405},"end":{"line":7,"column":558}},"line":7},"3":{"name":"_classCallCheck","decl":{"start":{"line":11,"column":9},"end":{"line":11,"column":24}},"loc":{"start":{"line":11,"column":48},"end":{"line":11,"column":153}},"line":11},"4":{"name":"(anonymous_4)","decl":{"start":{"line":13,"column":21},"end":{"line":13,"column":22}},"loc":{"start":{"line":13,"column":33},"end":{"line":117,"column":1}},"line":13},"5":{"name":"UserValidation","decl":{"start":{"line":14,"column":11},"end":{"line":14,"column":25}},"loc":{"start":{"line":14,"column":28},"end":{"line":16,"column":3}},"line":14},"6":{"name":"isSignUpValid","decl":{"start":{"line":20,"column":20},"end":{"line":20,"column":33}},"loc":{"start":{"line":20,"column":59},"end":{"line":85,"column":5}},"line":20},"7":{"name":"isLoginValid","decl":{"start":{"line":88,"column":20},"end":{"line":88,"column":32}},"loc":{"start":{"line":88,"column":58},"end":{"line":113,"column":5}},"line":88}},"branchMap":{"0":{"loc":{"start":{"line":7,"column":168},"end":{"line":7,"column":198}},"type":"binary-expr","locations":[{"start":{"line":7,"column":168},"end":{"line":7,"column":189}},{"start":{"line":7,"column":193},"end":{"line":7,"column":198}}],"line":7},"1":{"loc":{"start":{"line":7,"column":232},"end":{"line":7,"column":286}},"type":"if","locations":[{"start":{"line":7,"column":232},"end":{"line":7,"column":286}},{"start":{"line":7,"column":232},"end":{"line":7,"column":286}}],"line":7},"2":{"loc":{"start":{"line":7,"column":407},"end":{"line":7,"column":475}},"type":"if","locations":[{"start":{"line":7,"column":407},"end":{"line":7,"column":475}},{"start":{"line":7,"column":407},"end":{"line":7,"column":475}}],"line":7},"3":{"loc":{"start":{"line":7,"column":476},"end":{"line":7,"column":536}},"type":"if","locations":[{"start":{"line":7,"column":476},"end":{"line":7,"column":536}},{"start":{"line":7,"column":476},"end":{"line":7,"column":536}}],"line":7},"4":{"loc":{"start":{"line":11,"column":50},"end":{"line":11,"column":151}},"type":"if","locations":[{"start":{"line":11,"column":50},"end":{"line":11,"column":151}},{"start":{"line":11,"column":50},"end":{"line":11,"column":151}}],"line":11},"5":{"loc":{"start":{"line":34,"column":6},"end":{"line":36,"column":7}},"type":"if","locations":[{"start":{"line":34,"column":6},"end":{"line":36,"column":7}},{"start":{"line":34,"column":6},"end":{"line":36,"column":7}}],"line":34},"6":{"loc":{"start":{"line":34,"column":10},"end":{"line":34,"column":40}},"type":"binary-expr","locations":[{"start":{"line":34,"column":10},"end":{"line":34,"column":26}},{"start":{"line":34,"column":30},"end":{"line":34,"column":40}}],"line":34},"7":{"loc":{"start":{"line":38,"column":6},"end":{"line":40,"column":7}},"type":"if","locations":[{"start":{"line":38,"column":6},"end":{"line":40,"column":7}},{"start":{"line":38,"column":6},"end":{"line":40,"column":7}}],"line":38},"8":{"loc":{"start":{"line":38,"column":10},"end":{"line":38,"column":38}},"type":"binary-expr","locations":[{"start":{"line":38,"column":10},"end":{"line":38,"column":25}},{"start":{"line":38,"column":29},"end":{"line":38,"column":38}}],"line":38},"9":{"loc":{"start":{"line":42,"column":6},"end":{"line":44,"column":7}},"type":"if","locations":[{"start":{"line":42,"column":6},"end":{"line":44,"column":7}},{"start":{"line":42,"column":6},"end":{"line":44,"column":7}}],"line":42},"10":{"loc":{"start":{"line":42,"column":10},"end":{"line":42,"column":40}},"type":"binary-expr","locations":[{"start":{"line":42,"column":10},"end":{"line":42,"column":26}},{"start":{"line":42,"column":30},"end":{"line":42,"column":40}}],"line":42},"11":{"loc":{"start":{"line":46,"column":6},"end":{"line":48,"column":7}},"type":"if","locations":[{"start":{"line":46,"column":6},"end":{"line":48,"column":7}},{"start":{"line":46,"column":6},"end":{"line":48,"column":7}}],"line":46},"12":{"loc":{"start":{"line":50,"column":6},"end":{"line":52,"column":7}},"type":"if","locations":[{"start":{"line":50,"column":6},"end":{"line":52,"column":7}},{"start":{"line":50,"column":6},"end":{"line":52,"column":7}}],"line":50},"13":{"loc":{"start":{"line":50,"column":10},"end":{"line":50,"column":32}},"type":"binary-expr","locations":[{"start":{"line":50,"column":10},"end":{"line":50,"column":22}},{"start":{"line":50,"column":26},"end":{"line":50,"column":32}}],"line":50},"14":{"loc":{"start":{"line":54,"column":6},"end":{"line":56,"column":7}},"type":"if","locations":[{"start":{"line":54,"column":6},"end":{"line":56,"column":7}},{"start":{"line":54,"column":6},"end":{"line":56,"column":7}}],"line":54},"15":{"loc":{"start":{"line":54,"column":10},"end":{"line":54,"column":44}},"type":"binary-expr","locations":[{"start":{"line":54,"column":10},"end":{"line":54,"column":28}},{"start":{"line":54,"column":32},"end":{"line":54,"column":44}}],"line":54},"16":{"loc":{"start":{"line":58,"column":6},"end":{"line":60,"column":7}},"type":"if","locations":[{"start":{"line":58,"column":6},"end":{"line":60,"column":7}},{"start":{"line":58,"column":6},"end":{"line":60,"column":7}}],"line":58},"17":{"loc":{"start":{"line":58,"column":10},"end":{"line":58,"column":38}},"type":"binary-expr","locations":[{"start":{"line":58,"column":10},"end":{"line":58,"column":25}},{"start":{"line":58,"column":29},"end":{"line":58,"column":38}}],"line":58},"18":{"loc":{"start":{"line":62,"column":6},"end":{"line":64,"column":7}},"type":"if","locations":[{"start":{"line":62,"column":6},"end":{"line":64,"column":7}},{"start":{"line":62,"column":6},"end":{"line":64,"column":7}}],"line":62},"19":{"loc":{"start":{"line":66,"column":6},"end":{"line":68,"column":7}},"type":"if","locations":[{"start":{"line":66,"column":6},"end":{"line":68,"column":7}},{"start":{"line":66,"column":6},"end":{"line":68,"column":7}}],"line":66},"20":{"loc":{"start":{"line":70,"column":6},"end":{"line":72,"column":7}},"type":"if","locations":[{"start":{"line":70,"column":6},"end":{"line":72,"column":7}},{"start":{"line":70,"column":6},"end":{"line":72,"column":7}}],"line":70},"21":{"loc":{"start":{"line":74,"column":6},"end":{"line":76,"column":7}},"type":"if","locations":[{"start":{"line":74,"column":6},"end":{"line":76,"column":7}},{"start":{"line":74,"column":6},"end":{"line":76,"column":7}}],"line":74},"22":{"loc":{"start":{"line":78,"column":6},"end":{"line":80,"column":7}},"type":"if","locations":[{"start":{"line":78,"column":6},"end":{"line":80,"column":7}},{"start":{"line":78,"column":6},"end":{"line":80,"column":7}}],"line":78},"23":{"loc":{"start":{"line":98,"column":6},"end":{"line":100,"column":7}},"type":"if","locations":[{"start":{"line":98,"column":6},"end":{"line":100,"column":7}},{"start":{"line":98,"column":6},"end":{"line":100,"column":7}}],"line":98},"24":{"loc":{"start":{"line":102,"column":6},"end":{"line":104,"column":7}},"type":"if","locations":[{"start":{"line":102,"column":6},"end":{"line":104,"column":7}},{"start":{"line":102,"column":6},"end":{"line":104,"column":7}}],"line":102},"25":{"loc":{"start":{"line":102,"column":10},"end":{"line":102,"column":32}},"type":"binary-expr","locations":[{"start":{"line":102,"column":10},"end":{"line":102,"column":22}},{"start":{"line":102,"column":26},"end":{"line":102,"column":32}}],"line":102},"26":{"loc":{"start":{"line":106,"column":6},"end":{"line":108,"column":7}},"type":"if","locations":[{"start":{"line":106,"column":6},"end":{"line":108,"column":7}},{"start":{"line":106,"column":6},"end":{"line":108,"column":7}}],"line":106},"27":{"loc":{"start":{"line":106,"column":10},"end":{"line":106,"column":38}},"type":"binary-expr","locations":[{"start":{"line":106,"column":10},"end":{"line":106,"column":25}},{"start":{"line":106,"column":29},"end":{"line":106,"column":38}}],"line":106}},"s":{"0":1,"1":1,"2":1,"3":2,"4":2,"5":2,"6":2,"7":2,"8":2,"9":1,"10":1,"11":0,"12":1,"13":1,"14":1,"15":1,"16":0,"17":0,"18":1,"19":0,"20":1,"21":9,"22":9,"23":9,"24":9,"25":9,"26":9,"27":9,"28":9,"29":9,"30":9,"31":1,"32":8,"33":1,"34":7,"35":1,"36":6,"37":1,"38":5,"39":1,"40":4,"41":1,"42":3,"43":1,"44":2,"45":0,"46":2,"47":0,"48":2,"49":0,"50":2,"51":0,"52":2,"53":1,"54":1,"55":1,"56":1,"57":1,"58":1,"59":1,"60":1,"61":1,"62":0,"63":1,"64":0,"65":1,"66":0,"67":1,"68":1,"69":1,"70":1},"f":{"0":1,"1":1,"2":1,"3":0,"4":1,"5":0,"6":9,"7":1},"b":{"0":[2,2],"1":[2,0],"2":[0,1],"3":[1,0],"4":[0,0],"5":[1,8],"6":[9,8],"7":[1,7],"8":[8,7],"9":[1,6],"10":[7,6],"11":[1,5],"12":[1,4],"13":[5,4],"14":[1,3],"15":[4,3],"16":[1,2],"17":[3,2],"18":[0,2],"19":[0,2],"20":[0,2],"21":[0,2],"22":[1,1],"23":[0,1],"24":[0,1],"25":[1,1],"26":[0,1],"27":[1,1]},"_coverageSchema":"43e27e138ebf9cfc5966b082cf9a028302ed4184","hash":"0be376f7570f8aae7a4118877dc92a974df2f597","contentHash":"f5c242ce72314f42f17d794d231e726d"},"/home/sir_gregg/Desktop/Greg/Repositories/Projects/politico/server/config/cloudinaryConfig.js":{"path":"/home/sir_gregg/Desktop/Greg/Repositories/Projects/politico/server/config/cloudinaryConfig.js","statementMap":{"0":{"start":{"line":3,"column":0},"end":{"line":5,"column":3}},"1":{"start":{"line":6,"column":0},"end":{"line":6,"column":56}},"2":{"start":{"line":8,"column":18},"end":{"line":8,"column":39}},"3":{"start":{"line":10,"column":14},"end":{"line":10,"column":31}},"4":{"start":{"line":12,"column":15},"end":{"line":12,"column":46}},"5":{"start":{"line":14,"column":39},"end":{"line":14,"column":93}},"6":{"start":{"line":16,"column":0},"end":{"line":16,"column":26}},"7":{"start":{"line":18,"column":23},"end":{"line":26,"column":1}},"8":{"start":{"line":19,"column":2},"end":{"line":23,"column":5}},"9":{"start":{"line":25,"column":2},"end":{"line":25,"column":9}},"10":{"start":{"line":28,"column":0},"end":{"line":28,"column":44}},"11":{"start":{"line":29,"column":0},"end":{"line":29,"column":40}}},"fnMap":{"0":{"name":"_interopRequireDefault","decl":{"start":{"line":14,"column":9},"end":{"line":14,"column":31}},"loc":{"start":{"line":14,"column":37},"end":{"line":14,"column":95}},"line":14},"1":{"name":"cloudinaryConfig","decl":{"start":{"line":18,"column":32},"end":{"line":18,"column":48}},"loc":{"start":{"line":18,"column":65},"end":{"line":26,"column":1}},"line":18}},"branchMap":{"0":{"loc":{"start":{"line":14,"column":46},"end":{"line":14,"column":92}},"type":"cond-expr","locations":[{"start":{"line":14,"column":70},"end":{"line":14,"column":73}},{"start":{"line":14,"column":76},"end":{"line":14,"column":92}}],"line":14},"1":{"loc":{"start":{"line":14,"column":46},"end":{"line":14,"column":67}},"type":"binary-expr","locations":[{"start":{"line":14,"column":46},"end":{"line":14,"column":49}},{"start":{"line":14,"column":53},"end":{"line":14,"column":67}}],"line":14}},"s":{"0":1,"1":1,"2":1,"3":1,"4":1,"5":1,"6":1,"7":1,"8":40,"9":40,"10":1,"11":1},"f":{"0":1,"1":40},"b":{"0":[0,1],"1":[1,1]},"_coverageSchema":"43e27e138ebf9cfc5966b082cf9a028302ed4184","hash":"ab39395a5429543aaf50acf5addb9dabe4a38e68","contentHash":"c643d95ea9aefd63c58237e46573c9c3"},"/home/sir_gregg/Desktop/Greg/Repositories/Projects/politico/server/middleware/multer.js":{"path":"/home/sir_gregg/Desktop/Greg/Repositories/Projects/politico/server/middleware/multer.js","statementMap":{"0":{"start":{"line":3,"column":0},"end":{"line":5,"column":3}},"1":{"start":{"line":6,"column":0},"end":{"line":6,"column":52}},"2":{"start":{"line":8,"column":14},"end":{"line":8,"column":31}},"3":{"start":{"line":10,"column":15},"end":{"line":10,"column":46}},"4":{"start":{"line":12,"column":15},"end":{"line":12,"column":33}},"5":{"start":{"line":14,"column":16},"end":{"line":14,"column":48}},"6":{"start":{"line":16,"column":12},"end":{"line":16,"column":27}},"7":{"start":{"line":18,"column":13},"end":{"line":18,"column":42}},"8":{"start":{"line":20,"column":39},"end":{"line":20,"column":93}},"9":{"start":{"line":22,"column":14},"end":{"line":22,"column":46}},"10":{"start":{"line":23,"column":20},"end":{"line":23,"column":79}},"11":{"start":{"line":24,"column":11},"end":{"line":24,"column":34}},"12":{"start":{"line":32,"column":14},"end":{"line":34,"column":1}},"13":{"start":{"line":33,"column":2},"end":{"line":33,"column":96}},"14":{"start":{"line":36,"column":0},"end":{"line":36,"column":38}},"15":{"start":{"line":37,"column":0},"end":{"line":37,"column":26}}},"fnMap":{"0":{"name":"_interopRequireDefault","decl":{"start":{"line":20,"column":9},"end":{"line":20,"column":31}},"loc":{"start":{"line":20,"column":37},"end":{"line":20,"column":95}},"line":20},"1":{"name":"dataUri","decl":{"start":{"line":32,"column":23},"end":{"line":32,"column":30}},"loc":{"start":{"line":32,"column":36},"end":{"line":34,"column":1}},"line":32}},"branchMap":{"0":{"loc":{"start":{"line":20,"column":46},"end":{"line":20,"column":92}},"type":"cond-expr","locations":[{"start":{"line":20,"column":70},"end":{"line":20,"column":73}},{"start":{"line":20,"column":76},"end":{"line":20,"column":92}}],"line":20},"1":{"loc":{"start":{"line":20,"column":46},"end":{"line":20,"column":67}},"type":"binary-expr","locations":[{"start":{"line":20,"column":46},"end":{"line":20,"column":49}},{"start":{"line":20,"column":53},"end":{"line":20,"column":67}}],"line":20}},"s":{"0":1,"1":1,"2":1,"3":1,"4":1,"5":1,"6":1,"7":1,"8":3,"9":1,"10":1,"11":1,"12":1,"13":0,"14":1,"15":1},"f":{"0":3,"1":0},"b":{"0":[0,3],"1":[3,3]},"_coverageSchema":"43e27e138ebf9cfc5966b082cf9a028302ed4184","hash":"b99234bb386e1c2f1395a3e21feda07f2a179969","contentHash":"ff1142d0e7d6593e2fffd511ab801108"},"/home/sir_gregg/Desktop/Greg/Repositories/Projects/politico/server/test/testToken.js":{"path":"/home/sir_gregg/Desktop/Greg/Repositories/Projects/politico/server/test/testToken.js","statementMap":{"0":{"start":{"line":3,"column":0},"end":{"line":5,"column":3}},"1":{"start":{"line":6,"column":11},"end":{"line":6,"column":188}},"2":{"start":{"line":8,"column":12},"end":{"line":8,"column":190}},"3":{"start":{"line":10,"column":0},"end":{"line":10,"column":20}},"4":{"start":{"line":11,"column":0},"end":{"line":11,"column":22}}},"fnMap":{},"branchMap":{},"s":{"0":1,"1":1,"2":1,"3":1,"4":1},"f":{},"b":{},"_coverageSchema":"43e27e138ebf9cfc5966b082cf9a028302ed4184","hash":"60ef3be2eb22bb9f15a6ba739201c4f1122863e3","contentHash":"77fbd2a717110b3f60813d3bd0599198"}}